\BOOKMARK [0][-]{chapter.1}{\376\377\000D\000a\000n\000h\000\040\000s\000\341\000c\000h\000\040\000t\000h\000\340\000n\000h\000\040\000v\000i\000\352\000n}{}% 1
\BOOKMARK [0][-]{chapter.2}{\376\377\000T\036\324\000N\000G\000\040\000Q\000U\000A\000N\000\040\000N\000G\000H\000I\000\312\000N\000\040\000C\036\350\000U}{}% 2
\BOOKMARK [1][-]{section.1.1}{\376\377\000T\036\325\000n\000g\000\040\000q\000u\000a\000n\000\040\000b\036\331\000\040\000d\036\357\000\040\000l\000i\036\307\000u}{chapter.2}% 3
\BOOKMARK [1][-]{section.1.2}{\376\377\001\020\036\321\000i\000\040\000t\001\260\036\343\000n\000g\000\040\000n\000g\000h\000i\000\352\000n\000\040\000c\036\351\000u}{chapter.2}% 4
\BOOKMARK [1][-]{section.1.3}{\376\377\000P\000h\001\260\001\241\000n\000g\000\040\000p\000h\000\341\000p\000\040\000n\000g\000h\000i\000\352\000n\000\040\000c\036\351\000u}{chapter.2}% 5
\BOOKMARK [1][-]{section.1.4}{\376\377\000K\036\277\000t\000\040\000q\000u\036\243\000\040\000h\001\260\036\333\000n\000g\000\040\000t\036\333\000i}{chapter.2}% 6
\BOOKMARK [2][-]{subsection.1.4.1}{\376\377\000M\000\364\000\040\000h\000\354\000n\000h\000\040\000d\036\361\000\040\001\021\000o\000\341\000n}{section.1.4}% 7
\BOOKMARK [2][-]{subsection.1.4.2}{\376\377\000H\000i\036\303\000u\000\040\000b\000i\036\277\000t\000\040\000s\000\342\000u\000\040\000s\036\257\000c}{section.1.4}% 8
\BOOKMARK [2][-]{subsection.1.4.3}{\376\377\000T\000r\036\361\000c\000\040\000q\000u\000a\000n\000\040\000h\000\363\000a}{section.1.4}% 9
\BOOKMARK [2][-]{subsection.1.4.4}{\376\377\036\350\000n\000g\000\040\000d\036\345\000n\000g\000\040\000t\000h\036\361\000c\000\040\000t\000i\036\305\000n}{section.1.4}% 10
\BOOKMARK [0][-]{chapter.2}{\376\377\000K\000I\036\276\000N\000\040\000T\000H\036\350\000C\000\040\000N\036\300\000N}{}% 11
\BOOKMARK [1][-]{section.2.1}{\376\377\001\020\036\301\000\040\000X\000u\036\245\000t\000\040\000M\000\364\000\040\000H\000\354\000n\000h\000\040\000T\000h\036\321\000n\000g\000\040\000K\000\352\000\040\000v\000\340\000\040\000L\000\375\000\040\000D\000o\000\040\000L\036\361\000a\000\040\000C\000h\036\315\000n}{chapter.2}% 12
\BOOKMARK [2][-]{subsection.2.1.1}{\376\377\000P\000h\000\342\000n\000\040\000T\000\355\000c\000h\000\040\000T\001\260\001\241\000n\000g\000\040\000Q\000u\000a\000n\000\040\000P\000e\000a\000r\000s\000o\000n}{section.2.1}% 13
\BOOKMARK [2][-]{subsection.2.1.2}{\376\377\000M\000\364\000\040\000H\000\354\000n\000h\000\040\000H\036\323\000i\000\040\000Q\000u\000y\000\040\000T\000u\000y\036\277\000n\000\040\000T\000\355\000n\000h\000\040\001\020\000a\000\040\000B\000i\036\277\000n\000\040\000\050\000M\000u\000l\000t\000i\000p\000l\000e\000\040\000L\000i\000n\000e\000a\000r\000\040\000R\000e\000g\000r\000e\000s\000s\000i\000o\000n\000\051}{section.2.1}% 14
\BOOKMARK [2][-]{subsection.2.1.3}{\376\377\000P\000h\000\342\000n\000\040\000T\000\355\000c\000h\000\040\000P\000h\001\260\001\241\000n\000g\000\040\000S\000a\000i\000\040\000M\036\331\000t\000\040\000Y\036\277\000u\000\040\000T\036\321\000\040\000\050\000O\000n\000e\000-\000W\000a\000y\000\040\000A\000N\000O\000V\000A\000\051}{section.2.1}% 15
\BOOKMARK [2][-]{subsection.2.1.4}{\376\377\000K\000i\036\303\000m\000\040\001\020\036\313\000n\000h\000\040\000G\000i\036\243\000\040\000T\000h\000i\036\277\000t}{section.2.1}% 16
\BOOKMARK [2][-]{subsection.2.1.5}{\376\377\000C\000r\000o\000s\000s\000-\000V\000a\000l\000i\000d\000a\000t\000i\000o\000n\000\040\000\050\000K\000i\036\303\000m\000\040\000C\000h\036\351\000n\000g\000\040\000C\000h\000\351\000o\000\051}{section.2.1}% 17
\BOOKMARK [2][-]{subsection.2.1.6}{\376\377\000S\000t\000e\000p\000w\000i\000s\000e\000\040\000S\000e\000l\000e\000c\000t\000i\000o\000n\000\040\000\050\000L\036\361\000a\000\040\000C\000h\036\315\000n\000\040\000B\000i\036\277\000n\000\040\000T\000h\000e\000o\000\040\000B\001\260\036\333\000c\000\051}{section.2.1}% 18
\BOOKMARK [2][-]{subsection.2.1.7}{\376\377\000D\000i\000a\000g\000n\000o\000s\000t\000i\000c\000\040\000P\000l\000o\000t\000s\000\040\000\050\001\020\036\323\000\040\000T\000h\036\313\000\040\000C\000h\036\251\000n\000\040\001\020\000o\000\341\000n\000\051}{section.2.1}% 19
\BOOKMARK [1][-]{section.2.2}{\376\377\000T\000\363\000m\000\040\000T\036\257\000t\000\040\000C\001\241\000\040\000S\036\337\000\040\000L\000\375\000\040\000T\000h\000u\000y\036\277\000t\000\040\000C\000h\000o\000\040\000M\000\364\000\040\000H\000\354\000n\000h}{chapter.2}% 20
\BOOKMARK [2][-]{subsection.2.2.1}{\376\377\000P\000h\000\342\000n\000\040\000T\000\355\000c\000h\000\040\000T\001\260\001\241\000n\000g\000\040\000Q\000u\000a\000n\000\040\000P\000e\000a\000r\000s\000o\000n}{section.2.2}% 21
\BOOKMARK [2][-]{subsection.2.2.2}{\376\377\000M\000\364\000\040\000H\000\354\000n\000h\000\040\000H\036\323\000i\000\040\000Q\000u\000y\000\040\000T\000u\000y\036\277\000n\000\040\000T\000\355\000n\000h\000\040\001\020\000a\000\040\000B\000i\036\277\000n}{section.2.2}% 22
\BOOKMARK [2][-]{subsection.2.2.3}{\376\377\000P\000h\000\342\000n\000\040\000T\000\355\000c\000h\000\040\000P\000h\001\260\001\241\000n\000g\000\040\000S\000a\000i\000\040\000M\036\331\000t\000\040\000Y\036\277\000u\000\040\000T\036\321\000\040\000\050\000O\000n\000e\000-\000W\000a\000y\000\040\000A\000N\000O\000V\000A\000\051}{section.2.2}% 23
\BOOKMARK [2][-]{subsection.2.2.4}{\376\377\000K\000i\036\303\000m\000\040\001\020\036\313\000n\000h\000\040\000G\000i\036\243\000\040\000T\000h\000i\036\277\000t\000\040\000\050\000H\000y\000p\000o\000t\000h\000e\000s\000i\000s\000\040\000T\000e\000s\000t\000i\000n\000g\000\051}{section.2.2}% 24
\BOOKMARK [2][-]{subsection.2.2.5}{\376\377\000C\000r\000o\000s\000s\000-\000V\000a\000l\000i\000d\000a\000t\000i\000o\000n\000\040\000\050\000K\000i\036\303\000m\000\040\000C\000h\036\351\000n\000g\000\040\000C\000h\000\351\000o\000\051}{section.2.2}% 25
\BOOKMARK [2][-]{subsection.2.2.6}{\376\377\000S\000t\000e\000p\000w\000i\000s\000e\000\040\000S\000e\000l\000e\000c\000t\000i\000o\000n\000\040\000\050\000L\036\361\000a\000\040\000C\000h\036\315\000n\000\040\000B\000i\036\277\000n\000\040\000T\000h\000e\000o\000\040\000B\001\260\036\333\000c\000\051}{section.2.2}% 26
\BOOKMARK [2][-]{subsection.2.2.7}{\376\377\000D\000i\000a\000g\000n\000o\000s\000t\000i\000c\000\040\000P\000l\000o\000t\000s\000\040\000\050\001\020\036\323\000\040\000T\000h\036\313\000\040\000C\000h\036\251\000n\000\040\001\020\000o\000\341\000n\000\051}{section.2.2}% 27
\BOOKMARK [0][-]{chapter.3}{\376\377\000T\000I\036\300\000N\000\040\000X\036\354\000\040\000L\000\335\000\040\000S\036\320\000\040\000L\000I\036\306\000U}{}% 28
\BOOKMARK [1][-]{section.3.1}{\376\377\001\020\036\315\000c\000\040\000d\036\357\000\040\000l\000i\036\307\000u}{chapter.3}% 29
\BOOKMARK [1][-]{section.3.2}{\376\377\000C\000h\036\315\000n\000\040\000b\000i\036\277\000n\000\040\000v\000\340\000\040\000x\036\355\000\040\000l\000\355\000\040\000d\036\357\000\040\000l\000i\036\307\000u}{chapter.3}% 30
\BOOKMARK [1][-]{section.3.3}{\376\377\000L\000o\036\241\000i\000\040\000b\036\317\000\040\000t\000r\000\371\000n\000g\000\040\000l\036\267\000p}{chapter.3}% 31
\BOOKMARK [1][-]{section.3.4}{\376\377\000L\000o\036\241\000i\000\040\000b\036\317\000\040\000O\000u\000t\000l\000i\000e\000r\000\040\000v\000\340\000\040\001\021\036\313\000n\000h\000\040\000n\000g\000h\001\051\000a\000\040\000b\000i\036\277\000n}{chapter.3}% 32
\BOOKMARK [1][-]{section.3.5}{\376\377\000C\000h\000u\000y\036\303\000n\000\040\001\021\036\325\000i\000\040\000l\000o\000g\000a\000r\000i\000t}{chapter.3}% 33
\BOOKMARK [1][-]{section.3.6}{\376\377\000T\036\325\000n\000g\000\040\000k\036\277\000t}{chapter.3}% 34
\BOOKMARK [0][-]{chapter.4}{\376\377\000T\000H\036\320\000N\000G\000\040\000K\000\312\000\040\000M\000\324\000\040\000T\036\242}{}% 35
\BOOKMARK [1][-]{section.4.1}{\376\377\000T\000h\000\364\000n\000g\000\040\000t\000i\000n\000\040\000t\036\325\000n\000g\000\040\000q\000u\000\341\000t\000\040\000v\036\301\000\040\000c\000\341\000c\000\040\000b\000i\036\277\000n\000\040\000c\036\347\000a\000\040\000b\036\331\000\040\000d\036\357\000\040\000l\000i\036\307\000u}{chapter.4}% 36
\BOOKMARK [1][-]{section.4.2}{\376\377\000B\000i\036\303\000u\000\040\001\021\036\323\000\040\000-\000\040\001\021\036\323\000\040\000t\000h\036\313}{chapter.4}% 37
\BOOKMARK [0][-]{chapter.5}{\376\377\000T\000H\036\320\000N\000G\000\040\000K\000\312\000\040\000S\000U\000Y\000\040\000D\000I\036\304\000N}{}% 38
\BOOKMARK [1][-]{section.5.1}{\376\377\001\020\000\341\000n\000h\000\040\000g\000i\000\341\000\040\000m\036\321\000i\000\040\000q\000u\000a\000n\000\040\000h\036\307\000\040\000g\000i\036\357\000a\000\040\000c\000\341\000c\000\040\000b\000i\036\277\000n}{chapter.5}% 39
\BOOKMARK [2][-]{subsection.5.1.1}{\376\377\000P\000h\000\342\000n\000\040\000t\000\355\000c\000h\000\040\000t\001\260\001\241\000n\000g\000\040\000q\000u\000a\000n\000\040\000P\000e\000a\000r\000s\000o\000n}{section.5.1}% 40
\BOOKMARK [3][-]{subsubsection.5.1.1.1}{\376\377\000M\036\345\000c\000\040\000t\000i\000\352\000u\000\040\000p\000h\000\342\000n\000\040\000t\000\355\000c\000h}{subsection.5.1.1}% 41
\BOOKMARK [3][-]{subsubsection.5.1.1.2}{\376\377\000G\000i\036\243\000\040\000t\000h\000u\000y\036\277\000t\000\040\000k\000i\036\303\000m\000\040\001\021\036\313\000n\000h}{subsection.5.1.1}% 42
\BOOKMARK [3][-]{subsubsection.5.1.1.3}{\376\377\000C\000o\000d\000e\000\040\000t\000h\036\361\000c\000\040\000h\000i\036\307\000n\000\040\000t\000r\000o\000n\000g\000\040\000R}{subsection.5.1.1}% 43
\BOOKMARK [3][-]{subsubsection.5.1.1.4}{\376\377\000K\036\277\000t\000\040\000q\000u\036\243\000\040\000p\000h\000\342\000n\000\040\000t\000\355\000c\000h\000\040\000t\001\260\001\241\000n\000g\000\040\000q\000u\000a\000n}{subsection.5.1.1}% 44
\BOOKMARK [3][-]{subsubsection.5.1.1.5}{\376\377\000N\000h\036\255\000n\000\040\000x\000\351\000t\000\040\000k\036\277\000t\000\040\000q\000u\036\243\000\040\000t\001\260\001\241\000n\000g\000\040\000q\000u\000a\000n}{subsection.5.1.1}% 45
\BOOKMARK [2][-]{subsection.5.1.2}{\376\377\000S\000c\000a\000t\000t\000e\000r\000\040\000p\000l\000o\000t\000\040\000v\000\340\000\040\000S\000c\000a\000t\000t\000e\000r\000\040\000m\000a\000t\000r\000i\000x}{section.5.1}% 46
\BOOKMARK [1][-]{section.5.2}{\376\377\000K\000i\036\303\000m\000\040\001\021\036\313\000n\000h\000\040\000m\036\331\000t\000\040\000m\036\253\000u}{chapter.5}% 47
\BOOKMARK [2][-]{subsection.5.2.1}{\376\377\000K\000i\036\303\000m\000\040\001\021\036\313\000n\000h\000\040\000m\036\331\000t\000\040\000m\036\253\000u\000\040\000c\000h\000o\000\040\000t\000r\000u\000n\000g\000\040\000b\000\354\000n\000h\000\040\000P\000i\000x\000e\000l\000\137\000R\000a\000t\000e}{section.5.2}% 48
\BOOKMARK [3][-]{subsubsection.5.2.1.1}{\376\377\000M\036\345\000c\000\040\000t\000i\000\352\000u\000\040\000k\000i\036\303\000m\000\040\001\021\036\313\000n\000h}{subsection.5.2.1}% 49
\BOOKMARK [3][-]{subsubsection.5.2.1.2}{\376\377\000G\000i\036\243\000\040\000t\000h\000u\000y\036\277\000t\000\040\000k\000i\036\303\000m\000\040\001\021\036\313\000n\000h}{subsection.5.2.1}% 50
\BOOKMARK [3][-]{subsubsection.5.2.1.3}{\376\377\000K\000i\036\303\000m\000\040\000t\000r\000a\000\040\000g\000i\036\243\000\040\001\021\036\313\000n\000h\000\040\000p\000h\000\342\000n\000\040\000p\000h\036\321\000i\000\040\000c\000h\000u\036\251\000n}{subsection.5.2.1}% 51
\BOOKMARK [3][-]{subsubsection.5.2.1.4}{\376\377\000C\000o\000d\000e\000\040\000k\000i\036\303\000m\000\040\001\021\036\313\000n\000h\000\040\000m\036\331\000t\000\040\000m\036\253\000u\000\040\000t\000r\000o\000n\000g\000\040\000R}{subsection.5.2.1}% 52
\BOOKMARK [3][-]{subsubsection.5.2.1.5}{\376\377\000K\036\277\000t\000\040\000q\000u\036\243\000\040\000k\000i\036\303\000m\000\040\001\021\036\313\000n\000h\000\040\000m\036\331\000t\000\040\000m\036\253\000u}{subsection.5.2.1}% 53
\BOOKMARK [2][-]{subsection.5.2.2}{\376\377\000K\036\277\000t\000\040\000l\000u\036\255\000n\000\040\000c\036\347\000a\000\040\000p\000h\036\247\000n\000\040\000t\001\260\001\241\000n\000g\000\040\000q\000u\000a\000n\000\040\000v\000\340\000\040\000k\000i\036\303\000m\000\040\001\021\036\313\000n\000h\000\040\000m\036\331\000t\000\040\000m\036\253\000u}{section.5.2}% 54
\BOOKMARK [1][-]{section.5.3}{\376\377\000K\000i\036\303\000m\000\040\001\021\036\313\000n\000h\000\040\000h\000a\000i\000\040\000m\036\253\000u}{chapter.5}% 55
\BOOKMARK [2][-]{subsection.5.3.1}{\376\377\000K\000i\036\303\000m\000\040\001\021\036\313\000n\000h\000\040\000h\000a\000i\000\040\000m\036\253\000u\000:\000\040\000N\000v\000i\000d\000i\000a\000\040\000v\000s\000\040\000A\000M\000D}{section.5.3}% 56
\BOOKMARK [3][-]{subsubsection.5.3.1.1}{\376\377\000M\036\345\000c\000\040\000t\000i\000\352\000u\000\040\000p\000h\000\342\000n\000\040\000t\000\355\000c\000h}{subsection.5.3.1}% 57
\BOOKMARK [3][-]{subsubsection.5.3.1.2}{\376\377\000T\000h\000i\036\277\000t\000\040\000l\036\255\000p\000\040\000g\000i\036\243\000\040\000t\000h\000u\000y\036\277\000t\000\040\000k\000i\036\303\000m\000\040\001\021\036\313\000n\000h}{subsection.5.3.1}% 58
\BOOKMARK [3][-]{subsubsection.5.3.1.3}{\376\377\000Q\000u\000y\000\040\000t\000r\000\354\000n\000h\000\040\000c\000\341\000c\000\040\000b\001\260\036\333\000c\000\040\000t\000h\036\361\000c\000\040\000h\000i\036\307\000n\000\040\000v\000\340\000\040\000p\000h\000\342\000n\000\040\000t\000\355\000c\000h\000\040\000k\036\313\000c\000h\000\040\000b\036\243\000n}{subsection.5.3.1}% 59
\BOOKMARK [3][-]{subsubsection.5.3.1.4}{\376\377\000T\000r\000i\036\303\000n\000\040\000k\000h\000a\000i\000\040\000t\000u\036\247\000n\000\040\000t\036\361\000\040\000c\000\341\000c\000\040\000b\001\260\036\333\000c\000\040\000b\036\261\000n\000g\000\040\000c\000o\000d\000e\000\040\000R}{subsection.5.3.1}% 60
\BOOKMARK [3][-]{subsubsection.5.3.1.5}{\376\377\000P\000h\000\342\000n\000\040\000t\000\355\000c\000h\000\040\000t\000r\036\361\000c\000\040\000q\000u\000a\000n\000\040\000v\000\340\000\040\000k\036\277\000t\000\040\000l\000u\036\255\000n\000\040\000\375\000\040\000n\000g\000h\001\051\000a}{subsection.5.3.1}% 61
\BOOKMARK [1][-]{section.5.4}{\376\377\000P\000h\000\342\000n\000\040\000t\000\355\000c\000h\000\040\000p\000h\001\260\001\241\000n\000g\000\040\000s\000a\000i\000\040\000m\036\331\000t\000\040\000y\036\277\000u\000\040\000t\036\321\000\040\000\050\000A\000N\000O\000V\000A\000\051}{chapter.5}% 62
\BOOKMARK [2][-]{subsection.5.4.1}{\376\377\000M\036\345\000c\000\040\000t\000i\000\352\000u}{section.5.4}% 63
\BOOKMARK [2][-]{subsection.5.4.2}{\376\377\000B\000\340\000i\000\040\000t\000o\000\341\000n}{section.5.4}% 64
\BOOKMARK [3][-]{subsubsection.5.4.2.1}{\376\377\000C\000\341\000c\000\040\001\021\000i\036\301\000u\000\040\000k\000i\036\307\000n\000\040\000c\036\247\000n\000\040\000k\000i\036\303\000m\000\040\000t\000r\000a\000\040\000t\000r\001\260\036\333\000c\000\040\000k\000h\000i\000\040\000t\000h\036\361\000c\000\040\000h\000i\036\307\000n\000\040\000A\000N\000O\000V\000A}{subsection.5.4.2}% 65
\BOOKMARK [3][-]{subsubsection.5.4.2.2}{\376\377\000G\000i\036\243\000\040\000t\000h\000u\000y\036\277\000t\000\040\000c\036\347\000a\000\040\000b\000\340\000i\000\040\000t\000o\000\341\000n}{subsection.5.4.2}% 66
\BOOKMARK [2][-]{subsection.5.4.3}{\376\377\000K\000i\036\303\000m\000\040\001\021\036\313\000n\000h\000\040\000g\000i\036\243\000\040\000t\000h\000u\000y\036\277\000t}{section.5.4}% 67
\BOOKMARK [3][-]{subsubsection.5.4.3.1}{\376\377\000B\000i\036\277\000n\000\040\000M\000a\000n\000u\000f\000a\000c\000t\000u\000r\000e\000r}{subsection.5.4.3}% 68
\BOOKMARK [3][-]{subsubsection.5.4.3.2}{\376\377\000B\000i\036\277\000n\000\040\000M\000e\000m\000o\000r\000y\000\137\000T\000y\000p\000e}{subsection.5.4.3}% 69
\BOOKMARK [3][-]{subsubsection.5.4.3.3}{\376\377\000B\000i\036\277\000n\000\040\000R\000e\000s\000o\000l\000u\000t\000i\000o\000n\000\137\000W\000x\000H}{subsection.5.4.3}% 70
\BOOKMARK [2][-]{subsection.5.4.4}{\376\377\000T\000i\036\277\000n\000\040\000h\000\340\000n\000h\000\040\000p\000h\000\342\000n\000\040\000t\000\355\000c\000h\000\040\000p\000h\001\260\001\241\000n\000g\000\040\000s\000a\000i\000\040\000v\000\340\000\040\000k\036\277\000t\000\040\000q\000u\036\243}{section.5.4}% 71
\BOOKMARK [3][-]{subsubsection.5.4.4.1}{\376\377\000B\000i\036\277\000n\000\040\000M\000a\000n\000u\000f\000a\000c\000t\000u\000r\000e\000r}{subsection.5.4.4}% 72
\BOOKMARK [3][-]{subsubsection.5.4.4.2}{\376\377\000B\000i\036\277\000n\000\040\000M\000e\000m\000o\000r\000y\000\137\000T\000y\000p\000e}{subsection.5.4.4}% 73
\BOOKMARK [3][-]{subsubsection.5.4.4.3}{\376\377\000B\000i\036\277\000n\000\040\000R\000e\000s\000o\000l\000u\000t\000i\000o\000n\000\137\000W\000x\000H}{subsection.5.4.4}% 74
\BOOKMARK [2][-]{subsection.5.4.5}{\376\377\000K\036\277\000t\000\040\000l\000u\036\255\000n}{section.5.4}% 75
\BOOKMARK [2][-]{subsection.5.4.6}{\376\377\000P\000h\000\342\000n\000\040\000t\000\355\000c\000h\000\040\000h\036\255\000u\000\040\000n\000g\000h\000i\036\307\000m}{section.5.4}% 76
\BOOKMARK [3][-]{subsubsection.5.4.6.1}{\376\377\000B\000i\036\277\000n\000\040\000M\000a\000n\000u\000f\000a\000c\000t\000u\000r\000e\000r}{subsection.5.4.6}% 77
\BOOKMARK [3][-]{subsubsection.5.4.6.2}{\376\377\000B\000i\036\277\000n\000\040\000M\000e\000m\000o\000r\000y\000\137\000T\000y\000p\000e}{subsection.5.4.6}% 78
\BOOKMARK [3][-]{subsubsection.5.4.6.3}{\376\377\000B\000i\036\277\000n\000\040\000R\000e\000s\000o\000l\000u\000t\000i\000o\000n\000\137\000W\000x\000H}{subsection.5.4.6}% 79
\BOOKMARK [3][-]{subsubsection.5.4.6.4}{\376\377\000K\036\277\000t\000\040\000l\000u\036\255\000n}{subsection.5.4.6}% 80
\BOOKMARK [1][-]{section.5.5}{\376\377\000X\000\342\000y\000\040\000d\036\361\000n\000g\000\040\000m\000\364\000\040\000h\000\354\000n\000h\000\040\000h\036\323\000i\000\040\000q\000u\000y\000\040\001\021\000a\000\040\000b\000i\036\277\000n}{chapter.5}% 81
\BOOKMARK [2][-]{subsection.5.5.1}{\376\377\000K\000i\036\303\000m\000\040\000t\000r\000a\000\040\000l\036\241\000i\000\040\000c\000\341\000c\000\040\000b\000i\036\277\000n}{section.5.5}% 82
\BOOKMARK [3][-]{subsubsection.5.5.1.1}{\376\377\000K\000i\036\303\000m\000\040\000t\000r\000a\000\040\001\021\000a\000\040\000c\036\331\000n\000g\000\040\000t\000u\000y\036\277\000n\000\040\000b\036\261\000n\000g\000\040\000V\000I\000F}{subsection.5.5.1}% 83
\BOOKMARK [3][-]{subsubsection.5.5.1.2}{\376\377\000L\036\361\000a\000\040\000c\000h\036\315\000n\000\040\000b\000i\036\277\000n\000\040\000b\036\261\000n\000g\000\040\000s\000t\000e\000p\000w\000i\000s\000e\000\040\000s\000e\000l\000e\000c\000t\000i\000o\000n}{subsection.5.5.1}% 84
\BOOKMARK [2][-]{subsection.5.5.2}{\376\377\000X\000\342\000y\000\040\000d\036\361\000n\000g\000\040\000m\000\364\000\040\000h\000\354\000n\000h\000\040\001\021\000a\000\040\000b\000i\036\277\000n}{section.5.5}% 85
\BOOKMARK [2][-]{subsection.5.5.3}{\376\377\001\020\036\323\000\040\000t\000h\036\313\000\040\000c\000h\000u\036\251\000n\000\040\001\021\000o\000\341\000n\000\040\000\050\000D\000i\000a\000g\000n\000o\000s\000t\000i\000c\000\040\000p\000l\000o\000t\000s\000\051}{section.5.5}% 86
\BOOKMARK [2][-]{subsection.5.5.4}{\376\377\001\020\000\341\000n\000h\000\040\000g\000i\000\341\000\040\000h\000i\036\307\000u\000\040\000s\000u\036\245\000t\000\040\000v\000\340\000\040\000s\036\361\000\040\036\325\000n\000\040\001\021\036\313\000n\000h\000\040\000c\036\347\000a\000\040\000m\000\364\000\040\000h\000\354\000n\000h\000\040\000\050\000s\036\355\000\040\000d\036\345\000n\000g\000\040\000C\000r\000o\000s\000s\000-\000v\000a\000l\000i\000d\000a\000t\000i\000o\000n\000\040\000k\040\021\000f\000o\000l\000d\000\051}{section.5.5}% 87
\BOOKMARK [0][-]{chapter.6}{\376\377\001\020\000\301\000N\000H\000\040\000G\000I\000\301\000\040\000V\000\300\000\040\000D\036\360\000\040\000B\000\301\000O}{}% 88
\BOOKMARK [1][-]{section.6.1}{\376\377\000D\036\361\000\040\000b\000\341\000o\000\040\000t\000r\000\352\000n\000\040\000t\036\255\000p\000\040\000t\000e\000s\000t\000:\000\040\000M\000A\000E\000,\000\040\000M\000S\000E\000,\000\040\000R\0002\000,\000\040\000R\000M\000S\000E}{chapter.6}% 89
\BOOKMARK [1][-]{section.6.2}{\376\377\001\020\036\323\000\040\000t\000h\036\313\000\040\000D\000e\000n\000s\000i\000t\000y\000\040\000p\000l\000o\000t\000\040\000v\000\340\000\040\001\021\036\323\000\040\000t\000h\036\313\000\040\000S\000c\000a\000t\000t\000e\000r\000\040\000p\000l\000o\000t\000\040\000c\036\347\000a\000\040\000t\000h\036\361\000c\000\040\000t\036\277\000\040\000s\000o\000\040\000v\036\333\000i\000\040\000d\036\361\000\040\001\021\000o\000\341\000n}{chapter.6}% 90
\BOOKMARK [2][-]{subsection.6.2.1}{\376\377\001\020\036\323\000\040\000t\000h\036\313\000\040\000D\000e\000n\000s\000i\000t\000y\000\040\000p\000l\000o\000t}{section.6.2}% 91
\BOOKMARK [2][-]{subsection.6.2.2}{\376\377\001\020\036\323\000\040\000t\000h\036\313\000\040\000S\000c\000a\000t\000t\000e\000r\000\040\000p\000l\000o\000t}{section.6.2}% 92
\BOOKMARK [1][-]{section.6.3}{\376\377\000P\000r\000e\000d\000i\000c\000t\000i\000o\000n\000\040\000i\000n\000t\000e\000r\000v\000a\000l\000s\000\040\000c\000h\000o\000\040\000t\001\260\001\241\000n\000g\000\040\000l\000a\000i}{chapter.6}% 93
\BOOKMARK [1][-]{section.6.4}{\376\377\000K\036\313\000c\000h\000\040\000b\036\243\000n\000\040\000d\036\361\000\040\000b\000\341\000o\000\040\000\050\000g\000i\036\243\000\040\001\021\036\313\000n\000h\000\040\000k\000h\000i\000\040\000t\001\003\000n\000g\000/\000g\000i\036\243\000m\000\040\000b\000i\036\277\000n\000\040\000X\000\051}{chapter.6}% 94
\BOOKMARK [0][-]{chapter.7}{\376\377\000T\000H\036\242\000O\000\040\000L\000U\036\254\000N\000\040\000V\000\300\000\040\000M\036\336\000\040\000R\036\330\000N\000G}{}% 95
\BOOKMARK [1][-]{section.7.1}{\376\377\000T\036\325\000n\000g\000\040\000k\036\277\000t\000\040\000k\036\277\000t\000\040\000q\000u\036\243\000\040\000c\000h\000\355\000n\000h}{chapter.7}% 96
\BOOKMARK [1][-]{section.7.2}{\376\377\000H\036\241\000n\000\040\000c\000h\036\277\000\040\000c\036\347\000a\000\040\000p\000h\000\342\000n\000\040\000t\000\355\000c\000h}{chapter.7}% 97
\BOOKMARK [1][-]{section.7.3}{\376\377\001\020\036\301\000\040\000x\000u\036\245\000t\000\040\000h\001\260\036\333\000n\000g\000\040\000p\000h\000\341\000t\000\040\000t\000r\000i\036\303\000n\000\040\000t\000i\036\277\000p\000\040\000t\000h\000e\000o}{chapter.7}% 98
