This is pdfTeX, Version 3.141592653-2.6-1.40.29 (MiKTeX 26.2) (preloaded format=pdflatex 2026.4.28)  3 MAY 2026 08:12
entering extended mode
 \write18 enabled.
 %&-line parsing enabled.
**c:/Users/Minh/Documents/GitHub/XSTK_252/BTL.tex
(c:/Users/Minh/Documents/GitHub/XSTK_252/BTL.tex
LaTeX2e <2025-11-01>
L3 programming layer <2026-03-20>
(C:\Users\Minh\AppData\Local\Programs\MiKTeX\tex/latex/base\report.cls
Document Class: report 2025/01/22 v1.4n Standard LaTeX document class
(C:\Users\Minh\AppData\Local\Programs\MiKTeX\tex/latex/base\size12.clo
File: size12.clo 2025/01/22 v1.4n Standard LaTeX file (size option)
)
\c@part=\count275
\c@chapter=\count276
\c@section=\count277
\c@subsection=\count278
\c@subsubsection=\count279
\c@paragraph=\count280
\c@subparagraph=\count281
\c@figure=\count282
\c@table=\count283
\abovecaptionskip=\skip49
\belowcaptionskip=\skip50
\bibindent=\dimen150
) (C:\Users\Minh\AppData\Local\Programs\MiKTeX\tex/latex/base\fontenc.sty
Package: fontenc 2025/07/18 v2.1d Standard LaTeX package
 (C:\Users\Minh\AppData\Local\Programs\MiKTeX\tex/latex/vntex\t5enc.def
File: t5enc.def 2006/11/21 v1.4 Vietnamese T5 encoding
Now handling font encoding T5 ...
... processing UTF-8 mapping file for font encoding T5
 (C:\Users\Minh\AppData\Local\Programs\MiKTeX\tex/latex/vntex\t5enc.dfu
File: t5enc.dfu 2006/08/19 v1.1 UTF8 support for Vietnamese
   defining Unicode char U+00AB (decimal 171)
   defining Unicode char U+00BB (decimal 187)
   defining Unicode char U+00C0 (decimal 192)
   defining Unicode char U+00C1 (decimal 193)
   defining Unicode char U+00C2 (decimal 194)
   defining Unicode char U+00C3 (decimal 195)
   defining Unicode char U+00C8 (decimal 200)
   defining Unicode char U+00C9 (decimal 201)
   defining Unicode char U+00CA (decimal 202)
   defining Unicode char U+00CC (decimal 204)
   defining Unicode char U+00CD (decimal 205)
   defining Unicode char U+00D2 (decimal 210)
   defining Unicode char U+00D3 (decimal 211)
   defining Unicode char U+00D4 (decimal 212)
   defining Unicode char U+00D5 (decimal 213)
   defining Unicode char U+00D9 (decimal 217)
   defining Unicode char U+00DA (decimal 218)
   defining Unicode char U+00DD (decimal 221)
   defining Unicode char U+00E0 (decimal 224)
   defining Unicode char U+00E1 (decimal 225)
   defining Unicode char U+00E2 (decimal 226)
   defining Unicode char U+00E3 (decimal 227)
   defining Unicode char U+00E8 (decimal 232)
   defining Unicode char U+00E9 (decimal 233)
   defining Unicode char U+00EA (decimal 234)
   defining Unicode char U+00EC (decimal 236)
   defining Unicode char U+00ED (decimal 237)
   defining Unicode char U+00F2 (decimal 242)
   defining Unicode char U+00F3 (decimal 243)
   defining Unicode char U+00F4 (decimal 244)
   defining Unicode char U+00F5 (decimal 245)
   defining Unicode char U+00F9 (decimal 249)
   defining Unicode char U+00FA (decimal 250)
   defining Unicode char U+00FD (decimal 253)
   defining Unicode char U+0102 (decimal 258)
   defining Unicode char U+0103 (decimal 259)
   defining Unicode char U+0110 (decimal 272)
   defining Unicode char U+0111 (decimal 273)
   defining Unicode char U+0128 (decimal 296)
   defining Unicode char U+0129 (decimal 297)
   defining Unicode char U+0131 (decimal 305)
   defining Unicode char U+0168 (decimal 360)
   defining Unicode char U+0169 (decimal 361)
   defining Unicode char U+01A0 (decimal 416)
   defining Unicode char U+01A1 (decimal 417)
   defining Unicode char U+01AF (decimal 431)
   defining Unicode char U+01B0 (decimal 432)
   defining Unicode char U+1EA0 (decimal 7840)
   defining Unicode char U+1EA1 (decimal 7841)
   defining Unicode char U+1EA2 (decimal 7842)
   defining Unicode char U+1EA3 (decimal 7843)
   defining Unicode char U+1EA4 (decimal 7844)
   defining Unicode char U+1EA5 (decimal 7845)
   defining Unicode char U+1EA6 (decimal 7846)
   defining Unicode char U+1EA7 (decimal 7847)
   defining Unicode char U+1EA8 (decimal 7848)
   defining Unicode char U+1EA9 (decimal 7849)
   defining Unicode char U+1EAA (decimal 7850)
   defining Unicode char U+1EAB (decimal 7851)
   defining Unicode char U+1EAC (decimal 7852)
   defining Unicode char U+1EAD (decimal 7853)
   defining Unicode char U+1EAE (decimal 7854)
   defining Unicode char U+1EAF (decimal 7855)
   defining Unicode char U+1EB0 (decimal 7856)
   defining Unicode char U+1EB1 (decimal 7857)
   defining Unicode char U+1EB2 (decimal 7858)
   defining Unicode char U+1EB3 (decimal 7859)
   defining Unicode char U+1EB4 (decimal 7860)
   defining Unicode char U+1EB5 (decimal 7861)
   defining Unicode char U+1EB6 (decimal 7862)
   defining Unicode char U+1EB7 (decimal 7863)
   defining Unicode char U+1EB8 (decimal 7864)
   defining Unicode char U+1EB9 (decimal 7865)
   defining Unicode char U+1EBA (decimal 7866)
   defining Unicode char U+1EBB (decimal 7867)
   defining Unicode char U+1EBC (decimal 7868)
   defining Unicode char U+1EBD (decimal 7869)
   defining Unicode char U+1EBE (decimal 7870)
   defining Unicode char U+1EBF (decimal 7871)
   defining Unicode char U+1EC0 (decimal 7872)
   defining Unicode char U+1EC1 (decimal 7873)
   defining Unicode char U+1EC2 (decimal 7874)
   defining Unicode char U+1EC3 (decimal 7875)
   defining Unicode char U+1EC4 (decimal 7876)
   defining Unicode char U+1EC5 (decimal 7877)
   defining Unicode char U+1EC6 (decimal 7878)
   defining Unicode char U+1EC7 (decimal 7879)
   defining Unicode char U+1EC8 (decimal 7880)
   defining Unicode char U+1EC9 (decimal 7881)
   defining Unicode char U+1ECA (decimal 7882)
   defining Unicode char U+1ECB (decimal 7883)
   defining Unicode char U+1ECC (decimal 7884)
   defining Unicode char U+1ECD (decimal 7885)
   defining Unicode char U+1ECE (decimal 7886)
   defining Unicode char U+1ECF (decimal 7887)
   defining Unicode char U+1ED0 (decimal 7888)
   defining Unicode char U+1ED1 (decimal 7889)
   defining Unicode char U+1ED2 (decimal 7890)
   defining Unicode char U+1ED3 (decimal 7891)
   defining Unicode char U+1ED4 (decimal 7892)
   defining Unicode char U+1ED5 (decimal 7893)
   defining Unicode char U+1ED6 (decimal 7894)
   defining Unicode char U+1ED7 (decimal 7895)
   defining Unicode char U+1ED8 (decimal 7896)
   defining Unicode char U+1ED9 (decimal 7897)
   defining Unicode char U+1EDA (decimal 7898)
   defining Unicode char U+1EDB (decimal 7899)
   defining Unicode char U+1EDC (decimal 7900)
   defining Unicode char U+1EDD (decimal 7901)
   defining Unicode char U+1EDE (decimal 7902)
   defining Unicode char U+1EDF (decimal 7903)
   defining Unicode char U+1EE0 (decimal 7904)
   defining Unicode char U+1EE1 (decimal 7905)
   defining Unicode char U+1EE2 (decimal 7906)
   defining Unicode char U+1EE3 (decimal 7907)
   defining Unicode char U+1EE4 (decimal 7908)
   defining Unicode char U+1EE5 (decimal 7909)
   defining Unicode char U+1EE6 (decimal 7910)
   defining Unicode char U+1EE7 (decimal 7911)
   defining Unicode char U+1EE8 (decimal 7912)
   defining Unicode char U+1EE9 (decimal 7913)
   defining Unicode char U+1EEA (decimal 7914)
   defining Unicode char U+1EEB (decimal 7915)
   defining Unicode char U+1EEC (decimal 7916)
   defining Unicode char U+1EED (decimal 7917)
   defining Unicode char U+1EEE (decimal 7918)
   defining Unicode char U+1EEF (decimal 7919)
   defining Unicode char U+1EF0 (decimal 7920)
   defining Unicode char U+1EF1 (decimal 7921)
   defining Unicode char U+1EF2 (decimal 7922)
   defining Unicode char U+1EF3 (decimal 7923)
   defining Unicode char U+1EF4 (decimal 7924)
   defining Unicode char U+1EF5 (decimal 7925)
   defining Unicode char U+1EF6 (decimal 7926)
   defining Unicode char U+1EF7 (decimal 7927)
   defining Unicode char U+1EF8 (decimal 7928)
   defining Unicode char U+1EF9 (decimal 7929)
   defining Unicode char U+200C (decimal 8204)
   defining Unicode char U+2013 (decimal 8211)
   defining Unicode char U+2014 (decimal 8212)
   defining Unicode char U+2018 (decimal 8216)
   defining Unicode char U+2019 (decimal 8217)
   defining Unicode char U+201A (decimal 8218)
   defining Unicode char U+201C (decimal 8220)
   defining Unicode char U+201D (decimal 8221)
   defining Unicode char U+201E (decimal 8222)
   defining Unicode char U+2030 (decimal 8240)
   defining Unicode char U+2031 (decimal 8241)
   defining Unicode char U+2039 (decimal 8249)
   defining Unicode char U+203A (decimal 8250)
   defining Unicode char U+2423 (decimal 9251)
))
LaTeX Font Info:    Trying to load font information for T5+cmr on input line 116.
 (C:\Users\Minh\AppData\Local\Programs\MiKTeX\tex/latex/vntex\t5cmr.fd
File: t5cmr.fd 1999/05/25 v2.5h Standard LaTeX font definitions
)) (C:\Users\Minh\AppData\Local\Programs\MiKTeX\tex/latex/base\inputenc.sty
Package: inputenc 2024/02/08 v1.3d Input encoding file
\inpenc@prehook=\toks17
\inpenc@posthook=\toks18
) (C:\Users\Minh\AppData\Local\Programs\MiKTeX\tex/generic/babel\babel.sty
Package: babel 2026/03/24 v26.5 The multilingual framework for LuaLaTeX, pdfLaTeX and XeLaTeX
\babel@savecnt=\count284
LaTeX Encoding Info:    Redeclaring text command \ij (encoding OT1) on input line 2078.
LaTeX Encoding Info:    Redeclaring text command \IJ (encoding OT1) on input line 2080.
LaTeX Encoding Info:    Redeclaring text command \ij (encoding T1) on input line 2082.
LaTeX Encoding Info:    Redeclaring text command \IJ (encoding T1) on input line 2083.
LaTeX Encoding Info:    Ignoring declaration for text command \ij (encoding ?) on input line 2084.
LaTeX Encoding Info:    Ignoring declaration for text command \IJ (encoding ?) on input line 2086.
LaTeX Encoding Info:    Ignoring declaration for text command \SS (encoding ?) on input line 2111.
\U@D=\dimen151
\l@unhyphenated=\language79
 (C:\Users\Minh\AppData\Local\Programs\MiKTeX\tex/generic/babel\txtbabel.def)
\bbl@readstream=\read2
\bbl@dirlevel=\count285
Package babel Info: Configuration files are deprecated, as
(babel)             they can break document portability.
(babel)             Reported on input line 4206.

*************************************
* Local config file bblopts.cfg used
*
(C:\Users\Minh\AppData\Local\Programs\MiKTeX\tex/latex/arabi\bblopts.cfg
File: bblopts.cfg 2005/09/08 v0.1 add Arabic and Farsi to "declared" options of babel
) (C:\Users\Minh\AppData\Local\Programs\MiKTeX\tex/generic/babel/locale/vi\babel-vietnamese.tex)
Package babel Info: Importing font and identification data for vietnamese
(babel)             from babel-vi.ini. Reported on input line 4330.
 (C:\Users\Minh\AppData\Local\Programs\MiKTeX\tex/latex/babel-vietnamese\vietnamese.ldf
Language: vietnamese 


Package babel Warning: No hyphenation patterns were preloaded for
(babel)                the language 'Vietnamese' into the format.
(babel)                Please, configure your TeX system to add them and
(babel)                rebuild the format. Now I will use the patterns
(babel)                preloaded for \language=0 instead on input line 36.

Package babel Info: Hyphen rules for 'vietnamese' set to \l@english
(babel)             (\language0). Reported on input line 37.
Package babel Info: Hyphen rules for 'vietnam' set to \l@english
(babel)             (\language0). Reported on input line 38.
Loading definitions for the Vietnamese font encoding (C:\Users\Minh\AppData\Local\Programs\MiKTeX\tex/latex/vntex\t5enc.def
File: t5enc.def 2006/11/21 v1.4 Vietnamese T5 encoding
LaTeX Font Info:    Redeclaring font encoding T5 on input line 75.
LaTeX Encoding Info:    Redeclaring text command \` (encoding T5) on input line 79.
LaTeX Encoding Info:    Redeclaring text command \' (encoding T5) on input line 80.
LaTeX Encoding Info:    Redeclaring text command \^ (encoding T5) on input line 81.
LaTeX Encoding Info:    Redeclaring text command \~ (encoding T5) on input line 82.
LaTeX Encoding Info:    Redeclaring text command \" (encoding T5) on input line 83.
LaTeX Encoding Info:    Redeclaring text command \r (encoding T5) on input line 84.
LaTeX Encoding Info:    Redeclaring text command \v (encoding T5) on input line 85.
LaTeX Encoding Info:    Redeclaring text command \u (encoding T5) on input line 86.
LaTeX Encoding Info:    Redeclaring text command \= (encoding T5) on input line 87.
LaTeX Encoding Info:    Redeclaring text command \. (encoding T5) on input line 88.
LaTeX Encoding Info:    Redeclaring text command \b (encoding T5) on input line 90.
LaTeX Encoding Info:    Redeclaring text command \c (encoding T5) on input line 94.
LaTeX Encoding Info:    Redeclaring text command \d (encoding T5) on input line 98.
LaTeX Encoding Info:    Redeclaring text command \h (encoding T5) on input line 103.
LaTeX Encoding Info:    Redeclaring text symbol \quotesinglbase (encoding T5) on input line 105.
LaTeX Encoding Info:    Redeclaring text symbol \guilsinglleft (encoding T5) on input line 106.
LaTeX Encoding Info:    Redeclaring text symbol \guilsinglright (encoding T5) on input line 107.
LaTeX Encoding Info:    Redeclaring text symbol \textquotedblleft (encoding T5) on input line 108.
LaTeX Encoding Info:    Redeclaring text symbol \textquotedblright (encoding T5) on input line 109.
LaTeX Encoding Info:    Redeclaring text symbol \quotedblbase (encoding T5) on input line 110.
LaTeX Encoding Info:    Redeclaring text symbol \guillemotleft (encoding T5) on input line 111.
LaTeX Encoding Info:    Redeclaring text symbol \guillemotright (encoding T5) on input line 112.
LaTeX Encoding Info:    Redeclaring text symbol \textendash (encoding T5) on input line 113.
LaTeX Encoding Info:    Redeclaring text symbol \textemdash (encoding T5) on input line 114.
LaTeX Encoding Info:    Redeclaring text symbol \textcompwordmark (encoding T5) on input line 115.
LaTeX Encoding Info:    Redeclaring text command \textperthousand (encoding T5) on input line 117.
LaTeX Encoding Info:    Redeclaring text command \textpertenthousand (encoding T5) on input line 118.
LaTeX Encoding Info:    Redeclaring text symbol \i (encoding T5) on input line 119.
LaTeX Encoding Info:    Redeclaring text symbol \textvisiblespace (encoding T5) on input line 121.
LaTeX Encoding Info:    Redeclaring text symbol \textquotedbl (encoding T5) on input line 122.
LaTeX Encoding Info:    Redeclaring text symbol \textdollar (encoding T5) on input line 123.
LaTeX Encoding Info:    Redeclaring text symbol \textquoteright (encoding T5) on input line 124.
LaTeX Encoding Info:    Redeclaring text symbol \textless (encoding T5) on input line 125.
LaTeX Encoding Info:    Redeclaring text symbol \textgreater (encoding T5) on input line 126.
LaTeX Encoding Info:    Redeclaring text symbol \textbackslash (encoding T5) on input line 127.
LaTeX Encoding Info:    Redeclaring text symbol \textasciicircum (encoding T5) on input line 128.
LaTeX Encoding Info:    Redeclaring text symbol \textunderscore (encoding T5) on input line 129.
LaTeX Encoding Info:    Redeclaring text symbol \textquoteleft (encoding T5) on input line 130.
LaTeX Encoding Info:    Redeclaring text symbol \textbraceleft (encoding T5) on input line 131.
LaTeX Encoding Info:    Redeclaring text symbol \textbar (encoding T5) on input line 132.
LaTeX Encoding Info:    Redeclaring text symbol \textbraceright (encoding T5) on input line 133.
LaTeX Encoding Info:    Redeclaring text symbol \textasciitilde (encoding T5) on input line 134.
LaTeX Encoding Info:    Redeclaring text command \horn (encoding T5) on input line 137.
LaTeX Encoding Info:    Redeclaring text symbol \DJ (encoding T5) on input line 306.
LaTeX Encoding Info:    Redeclaring text symbol \dj (encoding T5) on input line 307.
LaTeX Encoding Info:    Redeclaring text symbol \Acircumflex (encoding T5) on input line 312.
LaTeX Encoding Info:    Redeclaring text symbol \Abreve (encoding T5) on input line 319.
LaTeX Encoding Info:    Redeclaring text symbol \Ecircumflex (encoding T5) on input line 326.
LaTeX Encoding Info:    Redeclaring text symbol \Ocircumflex (encoding T5) on input line 333.
LaTeX Encoding Info:    Redeclaring text symbol \Ohorn (encoding T5) on input line 340.
LaTeX Encoding Info:    Redeclaring text symbol \Uhorn (encoding T5) on input line 347.
LaTeX Encoding Info:    Redeclaring text symbol \acircumflex (encoding T5) on input line 354.
LaTeX Encoding Info:    Redeclaring text symbol \abreve (encoding T5) on input line 361.
LaTeX Encoding Info:    Redeclaring text symbol \ecircumflex (encoding T5) on input line 368.
LaTeX Encoding Info:    Redeclaring text symbol \ocircumflex (encoding T5) on input line 375.
LaTeX Encoding Info:    Redeclaring text symbol \ohorn (encoding T5) on input line 382.
LaTeX Encoding Info:    Redeclaring text symbol \uhorn (encoding T5) on input line 389.
LaTeX Encoding Info:    Redeclaring text symbol \ACIRCUMFLEX (encoding T5) on input line 397.
LaTeX Encoding Info:    Redeclaring text symbol \ABREVE (encoding T5) on input line 404.
LaTeX Encoding Info:    Redeclaring text symbol \ECIRCUMFLEX (encoding T5) on input line 411.
LaTeX Encoding Info:    Redeclaring text symbol \OCIRCUMFLEX (encoding T5) on input line 418.
LaTeX Encoding Info:    Redeclaring text symbol \OHORN (encoding T5) on input line 425.
LaTeX Encoding Info:    Redeclaring text symbol \UHORN (encoding T5) on input line 432.
)
Package babel Info: Making " an active character on input line 147.
)) (C:\Users\Minh\AppData\Local\Programs\MiKTeX\tex/latex/minted\minted.sty
Package: minted 2026/03/03 v3.8.0 Yet another Pygments shim for LaTeX
 (C:\Users\Minh\AppData\Local\Programs\MiKTeX\tex/generic/catchfile\catchfile.sty
Package: catchfile 2019/12/09 v1.8 Catch the contents of a file (HO)
 (C:\Users\Minh\AppData\Local\Programs\MiKTeX\tex/generic/infwarerr\infwarerr.sty
Package: infwarerr 2019/12/03 v1.5 Providing info/warning/error messages (HO)
) (C:\Users\Minh\AppData\Local\Programs\MiKTeX\tex/generic/ltxcmds\ltxcmds.sty
Package: ltxcmds 2023-12-04 v1.26 LaTeX kernel commands for general use (HO)
) (C:\Users\Minh\AppData\Local\Programs\MiKTeX\tex/generic/etexcmds\etexcmds.sty
Package: etexcmds 2019/12/15 v1.7 Avoid name clashes with e-TeX commands (HO)
 (C:\Users\Minh\AppData\Local\Programs\MiKTeX\tex/generic/iftex\iftex.sty
Package: iftex 2024/12/12 v1.0g TeX engine tests
))) (C:\Users\Minh\AppData\Local\Programs\MiKTeX\tex/latex/etoolbox\etoolbox.sty
Package: etoolbox 2025/10/02 v2.5m e-TeX tools for LaTeX (JAW)
\etb@tempcnta=\count286
) (C:\Users\Minh\AppData\Local\Programs\MiKTeX\tex/latex/fvextra\fvextra.sty
Package: fvextra 2026/02/25 v1.14.0 fvextra - extensions and patches for fancyvrb
 (C:\Users\Minh\AppData\Local\Programs\MiKTeX\tex/latex/fancyvrb\fancyvrb.sty
Package: fancyvrb 2025/07/28 4.6 verbatim text (tvz,hv)
 (C:\Users\Minh\AppData\Local\Programs\MiKTeX\tex/latex/graphics\keyval.sty
Package: keyval 2022/05/29 v1.15 key=value parser (DPC)
\KV@toks@=\toks19
)
\FV@CodeLineNo=\count287
\FV@InFile=\read3
\FV@TabBox=\box53
\c@FancyVerbLine=\count288
\FV@StepNumber=\count289
\FV@OutFile=\write3
) (C:\Users\Minh\AppData\Local\Programs\MiKTeX\tex/latex/upquote\upquote.sty
Package: upquote 2012/04/19 v1.3 upright-quote and grave-accent glyphs in verbatim
 (C:\Users\Minh\AppData\Local\Programs\MiKTeX\tex/latex/base\textcomp.sty
Package: textcomp 2024/04/24 v2.1b Standard LaTeX package
)) (C:\Users\Minh\AppData\Local\Programs\MiKTeX\tex/latex/lineno\lineno.sty
Package: lineno 2026/03/08 line numbers on paragraphs v5.9
 (C:\Users\Minh\AppData\Local\Programs\MiKTeX\tex/latex/kvoptions\kvoptions.sty
Package: kvoptions 2022-06-15 v3.15 Key value format for package options (HO)
 (C:\Users\Minh\AppData\Local\Programs\MiKTeX\tex/latex/kvsetkeys\kvsetkeys.sty
Package: kvsetkeys 2022-10-05 v1.19 Key value parser (HO)
))
\linenopenalty=\count290
\output=\toks20
\linenoprevgraf=\count291
\linenumbersep=\dimen152
\linenumberwidth=\dimen153
\c@linenumber=\count292
\c@pagewiselinenumber=\count293
\c@LN@truepage=\count294
\c@internallinenumber=\count295
\c@internallinenumbers=\count296
\quotelinenumbersep=\dimen154
\bframerule=\dimen155
\bframesep=\dimen156
\bframebox=\box54
)
\c@FancyVerbWriteLine=\count297
\c@FancyVerbBufferLine=\count298
\c@FV@TrueTabGroupLevel=\count299
\c@FV@TrueTabCounter=\count300
\FV@TabBox@Group=\box55
\FV@bgcolorstructbox=\box56
\FV@TmpLength=\skip51
\c@FV@HighlightLinesStart=\count301
\c@FV@HighlightLinesStop=\count302
\FV@LoopCount=\count303
\FV@NCharsBox=\box57
\FV@BreakIndent=\dimen157
\FV@BreakIndentNChars=\count304
\FV@BreakSymbolSepLeft=\dimen158
\FV@BreakSymbolSepLeftNChars=\count305
\FV@BreakSymbolSepRight=\dimen159
\FV@BreakSymbolSepRightNChars=\count306
\FV@BreakSymbolIndentLeft=\dimen160
\FV@BreakSymbolIndentLeftNChars=\count307
\FV@BreakSymbolIndentRight=\dimen161
\FV@BreakSymbolIndentRightNChars=\count308
\c@FancyVerbLineBreakLast=\count309
\FV@LineBox=\box58
\FV@LineIndentBox=\box59
\c@FV@BreakBufferDepth=\count310
\FV@LineWidth=\dimen162
) (C:\Users\Minh\AppData\Local\Programs\MiKTeX\tex/latex/latex2pydata\latex2pydata.sty
Package: latex2pydata 2026/02/25 v0.7.0 latex2pydata - write data to file in Python literal format
) (C:\Users\Minh\AppData\Local\Programs\MiKTeX\tex/latex/pgf/utilities\pgfkeys.sty (C:\Users\Minh\AppData\Local\Programs\MiKTeX\tex/generic/pgf/utilities\pgfkeys.code.tex
\pgfkeys@pathtoks=\toks21
\pgfkeys@temptoks=\toks22
 (C:\Users\Minh\AppData\Local\Programs\MiKTeX\tex/generic/pgf/utilities\pgfkeyslibraryfiltered.code.tex
\pgfkeys@tmptoks=\toks23
))) (C:\Users\Minh\AppData\Local\Programs\MiKTeX\tex/latex/pgfopts\pgfopts.sty
Package: pgfopts 2014/07/10 v2.1a LaTeX package options with pgfkeys
\pgfopts@list@add@a@toks=\toks24
\pgfopts@list@add@b@toks=\toks25
) (C:\Users\Minh\AppData\Local\Programs\MiKTeX\tex/latex/tools\shellesc.sty
Package: shellesc 2023/07/08 v1.0d unified shell escape interface for LaTeX
Package shellesc Info: Unrestricted shell escape enabled on input line 75.
) (C:\Users\Minh\AppData\Local\Programs\MiKTeX\tex/latex/float\float.sty
Package: float 2001/11/08 v1.3d Float enhancements (AL)
\c@float@type=\count311
\float@exts=\toks26
\float@box=\box60
\@float@everytoks=\toks27
\@floatcapt=\box61
)
\c@minted@FancyVerbLineTemp=\count312
\@float@every@listing=\toks28
\c@listing=\count313
) (C:\Users\Minh\AppData\Local\Programs\MiKTeX\tex/latex/listings\listings.sty
\lst@mode=\count314
\lst@gtempboxa=\box62
\lst@token=\toks29
\lst@length=\count315
\lst@currlwidth=\dimen163
\lst@column=\count316
\lst@pos=\count317
\lst@lostspace=\dimen164
\lst@width=\dimen165
\lst@newlines=\count318
\lst@lineno=\count319
\lst@maxwidth=\dimen166
 (C:\Users\Minh\AppData\Local\Programs\MiKTeX\tex/latex/listings\lstpatch.sty
File: lstpatch.sty 2025/11/14 1.11b (Carsten Heinz)
) (C:\Users\Minh\AppData\Local\Programs\MiKTeX\tex/latex/listings\lstmisc.sty
File: lstmisc.sty 2025/11/14 1.11b (Carsten Heinz)
\c@lstnumber=\count320
\lst@skipnumbers=\count321
\lst@framebox=\box63
) (C:\Users\Minh\AppData\Local\Programs\MiKTeX\tex/latex/listings\listings.cfg
File: listings.cfg 2025/11/14 1.11b listings configuration
))
Package: listings 2025/11/14 1.11b (Carsten Heinz)

==> First Aid for listings.sty no longer applied!
    Expected:
        2024/09/23 1.10c (Carsten Heinz)
    but found:
        2025/11/14 1.11b (Carsten Heinz)
    so I'm assuming it got fixed.
(C:\Users\Minh\AppData\Local\Programs\MiKTeX\tex/latex/amsmath\amsmath.sty
Package: amsmath 2025/07/09 v2.17z AMS math features
\@mathmargin=\skip52

For additional information on amsmath, use the `?' option.
(C:\Users\Minh\AppData\Local\Programs\MiKTeX\tex/latex/amsmath\amstext.sty
Package: amstext 2024/11/17 v2.01 AMS text
 (C:\Users\Minh\AppData\Local\Programs\MiKTeX\tex/latex/amsmath\amsgen.sty
File: amsgen.sty 1999/11/30 v2.0 generic functions
\@emptytoks=\toks30
\ex@=\dimen167
)) (C:\Users\Minh\AppData\Local\Programs\MiKTeX\tex/latex/amsmath\amsbsy.sty
Package: amsbsy 1999/11/29 v1.2d Bold Symbols
\pmbraise@=\dimen168
) (C:\Users\Minh\AppData\Local\Programs\MiKTeX\tex/latex/amsmath\amsopn.sty
Package: amsopn 2022/04/08 v2.04 operator names
)
\inf@bad=\count322
LaTeX Info: Redefining \frac on input line 233.
\uproot@=\count323
\leftroot@=\count324
LaTeX Info: Redefining \overline on input line 398.
LaTeX Info: Redefining \colon on input line 409.
\classnum@=\count325
\DOTSCASE@=\count326
LaTeX Info: Redefining \ldots on input line 495.
LaTeX Info: Redefining \dots on input line 498.
LaTeX Info: Redefining \cdots on input line 619.
\Mathstrutbox@=\box64
\strutbox@=\box65
LaTeX Info: Redefining \big on input line 721.
LaTeX Info: Redefining \Big on input line 722.
LaTeX Info: Redefining \bigg on input line 723.
LaTeX Info: Redefining \Bigg on input line 724.
\big@size=\dimen169
LaTeX Font Info:    Redeclaring font encoding OML on input line 742.
LaTeX Font Info:    Redeclaring font encoding OMS on input line 743.
\macc@depth=\count327
LaTeX Info: Redefining \bmod on input line 904.
LaTeX Info: Redefining \pmod on input line 909.
LaTeX Info: Redefining \smash on input line 939.
LaTeX Info: Redefining \relbar on input line 969.
LaTeX Info: Redefining \Relbar on input line 970.
\c@MaxMatrixCols=\count328
\dotsspace@=\muskip17
\c@parentequation=\count329
\dspbrk@lvl=\count330
\tag@help=\toks31
\row@=\count331
\column@=\count332
\maxfields@=\count333
\andhelp@=\toks32
\eqnshift@=\dimen170
\alignsep@=\dimen171
\tagshift@=\dimen172
\tagwidth@=\dimen173
\totwidth@=\dimen174
\lineht@=\dimen175
\@envbody=\toks33
\multlinegap=\skip53
\multlinetaggap=\skip54
\mathdisplay@stack=\toks34
LaTeX Info: Redefining \[ on input line 2950.
LaTeX Info: Redefining \] on input line 2951.
)
\@LN@amsmath@ams@eqpen=\count334
 (C:\Users\Minh\AppData\Local\Programs\MiKTeX\tex/latex/amsfonts\amsfonts.sty
Package: amsfonts 2013/01/14 v3.01 Basic AMSFonts support
\symAMSa=\mathgroup4
\symAMSb=\mathgroup5
LaTeX Font Info:    Redeclaring math symbol \hbar on input line 98.
LaTeX Font Info:    Overwriting math alphabet `\mathfrak' in version `bold'
(Font)                  U/euf/m/n --> U/euf/b/n on input line 106.
) (C:\Users\Minh\AppData\Local\Programs\MiKTeX\tex/latex/amsfonts\amssymb.sty
Package: amssymb 2013/01/14 v3.01 AMS font symbols
) (C:\Users\Minh\AppData\Local\Programs\MiKTeX\tex/latex/geometry\geometry.sty
Package: geometry 2026/03/07 v6.0 Page Geometry
 (C:\Users\Minh\AppData\Local\Programs\MiKTeX\tex/generic/iftex\ifvtex.sty
Package: ifvtex 2019/10/25 v1.7 ifvtex legacy package. Use iftex instead.
)
\Gm@cnth=\count335
\Gm@cntv=\count336
\c@Gm@tempcnt=\count337
\Gm@bindingoffset=\dimen176
\Gm@wd@mp=\dimen177
\Gm@odd@mp=\dimen178
\Gm@even@mp=\dimen179
\Gm@layoutwidth=\dimen180
\Gm@layoutheight=\dimen181
\Gm@layouthoffset=\dimen182
\Gm@layoutvoffset=\dimen183
\Gm@dimlist=\toks35
 (C:\Users\Minh\AppData\Local\Programs\MiKTeX\tex/latex/geometry\geometry.cfg)) (C:\Users\Minh\AppData\Local\Programs\MiKTeX\tex/latex/relsize\relsize.sty
Package: relsize 2013/03/29 ver 4.1
) (C:\Users\Minh\AppData\Local\Programs\MiKTeX\tex/latex/graphics\graphicx.sty
Package: graphicx 2024/12/31 v1.2e Enhanced LaTeX Graphics (DPC,SPQR)
 (C:\Users\Minh\AppData\Local\Programs\MiKTeX\tex/latex/graphics\graphics.sty
Package: graphics 2024/08/06 v1.4g Standard LaTeX Graphics (DPC,SPQR)
 (C:\Users\Minh\AppData\Local\Programs\MiKTeX\tex/latex/graphics\trig.sty
Package: trig 2023/12/02 v1.11 sin cos tan (DPC)
) (C:\Users\Minh\AppData\Local\Programs\MiKTeX\tex/latex/graphics-cfg\graphics.cfg
File: graphics.cfg 2016/06/04 v1.11 sample graphics configuration
)
Package graphics Info: Driver file: pdftex.def on input line 106.
 (C:\Users\Minh\AppData\Local\Programs\MiKTeX\tex/latex/graphics-def\pdftex.def
File: pdftex.def 2025/09/29 v1.2d Graphics/color driver for pdftex
))
\Gin@req@height=\dimen184
\Gin@req@width=\dimen185
) (C:\Users\Minh\AppData\Local\Programs\MiKTeX\tex/latex/booktabs\booktabs.sty
Package: booktabs 2020/01/12 v1.61803398 Publication quality tables
\heavyrulewidth=\dimen186
\lightrulewidth=\dimen187
\cmidrulewidth=\dimen188
\belowrulesep=\dimen189
\belowbottomsep=\dimen190
\aboverulesep=\dimen191
\abovetopsep=\dimen192
\cmidrulesep=\dimen193
\cmidrulekern=\dimen194
\defaultaddspace=\dimen195
\@cmidla=\count338
\@cmidlb=\count339
\@aboverulesep=\dimen196
\@belowrulesep=\dimen197
\@thisruleclass=\count340
\@lastruleclass=\count341
\@thisrulewidth=\dimen198
) (C:\Users\Minh\AppData\Local\Programs\MiKTeX\tex/latex/tools\array.sty
Package: array 2025/09/25 v2.6n Tabular extension package (FMi)
\col@sep=\dimen199
\ar@mcellbox=\box66
\extrarowheight=\dimen256
\NC@list=\toks36
\extratabsurround=\skip55
\backup@length=\skip56
\ar@cellbox=\box67
) (C:\Users\Minh\AppData\Local\Programs\MiKTeX\tex/latex/multirow\multirow.sty
Package: multirow 2024/11/12 v2.9 Span multiple rows of a table
\multirow@colwidth=\skip57
\multirow@cntb=\count342
\multirow@dima=\skip58
\bigstrutjot=\dimen257
) (C:\Users\Minh\AppData\Local\Programs\MiKTeX\tex/latex/tools\longtable.sty
Package: longtable 2025-10-13 v4.24 Multi-page Table package (DPC)
\LTleft=\skip59
\LTright=\skip60
\LTpre=\skip61
\LTpost=\skip62
\LTchunksize=\count343
\LTcapwidth=\dimen258
\LT@head=\box68
\LT@firsthead=\box69
\LT@foot=\box70
\LT@lastfoot=\box71
\LT@gbox=\box72
\LT@cols=\count344
\LT@rows=\count345
\c@LT@tables=\count346
\c@LT@chunks=\count347
\LT@p@ftn=\toks37
) (C:\Users\Minh\AppData\Local\Programs\MiKTeX\tex/latex/xcolor\xcolor.sty
Package: xcolor 2024/09/29 v3.02 LaTeX color extensions (UK)
 (C:\Users\Minh\AppData\Local\Programs\MiKTeX\tex/latex/graphics-cfg\color.cfg
File: color.cfg 2016/01/02 v1.6 sample color configuration
)
Package xcolor Info: Driver file: pdftex.def on input line 274.
 (C:\Users\Minh\AppData\Local\Programs\MiKTeX\tex/latex/graphics\mathcolor.ltx)
Package xcolor Info: Model `cmy' substituted by `cmy0' on input line 1349.
Package xcolor Info: Model `hsb' substituted by `rgb' on input line 1353.
Package xcolor Info: Model `RGB' extended on input line 1365.
Package xcolor Info: Model `HTML' substituted by `rgb' on input line 1367.
Package xcolor Info: Model `Hsb' substituted by `hsb' on input line 1368.
Package xcolor Info: Model `tHsb' substituted by `hsb' on input line 1369.
Package xcolor Info: Model `HSB' substituted by `hsb' on input line 1370.
Package xcolor Info: Model `Gray' substituted by `gray' on input line 1371.
Package xcolor Info: Model `wave' substituted by `hsb' on input line 1372.
) (C:\Users\Minh\AppData\Local\Programs\MiKTeX\tex/latex/listingsutf8\listingsutf8.sty
Package: listingsutf8 2019-12-10 v1.5 Allow UTF-8 in listings input (HO)
 (C:\Users\Minh\AppData\Local\Programs\MiKTeX\tex/generic/pdftexcmds\pdftexcmds.sty
Package: pdftexcmds 2020-06-27 v0.33 Utility functions of pdfTeX for LuaTeX (HO)
Package pdftexcmds Info: \pdf@primitive is available.
Package pdftexcmds Info: \pdf@ifprimitive is available.
Package pdftexcmds Info: \pdfdraftmode found.
) (C:\Users\Minh\AppData\Local\Programs\MiKTeX\tex/generic/stringenc\stringenc.sty
Package: stringenc 2019/11/29 v1.12 Convert strings between diff. encodings (HO)
 (C:\Users\Minh\AppData\Local\Programs\MiKTeX\tex/generic/pdfescape\pdfescape.sty
Package: pdfescape 2019/12/09 v1.15 Implements pdfTeX's escape features (HO)
))) (C:\Users\Minh\AppData\Local\Programs\MiKTeX\tex/latex/hyperref\hyperref.sty
Package: hyperref 2026-01-29 v7.01p Hypertext links for LaTeX
 (C:\Users\Minh\AppData\Local\Programs\MiKTeX\tex/generic/kvdefinekeys\kvdefinekeys.sty
Package: kvdefinekeys 2019-12-19 v1.6 Define keys (HO)
) (C:\Users\Minh\AppData\Local\Programs\MiKTeX\tex/latex/hycolor\hycolor.sty
Package: hycolor 2020-01-27 v1.10 Color options for hyperref/bookmark (HO)
) (C:\Users\Minh\AppData\Local\Programs\MiKTeX\tex/latex/hyperref\nameref.sty
Package: nameref 2026-01-29 v2.58 Cross-referencing by name of section
 (C:\Users\Minh\AppData\Local\Programs\MiKTeX\tex/latex/refcount\refcount.sty
Package: refcount 2019/12/15 v3.6 Data extraction from label references (HO)
) (C:\Users\Minh\AppData\Local\Programs\MiKTeX\tex/generic/gettitlestring\gettitlestring.sty
Package: gettitlestring 2019/12/15 v1.6 Cleanup title references (HO)
)
\c@section@level=\count348
)
\@linkdim=\dimen259
\Hy@linkcounter=\count349
\Hy@pagecounter=\count350
 (C:\Users\Minh\AppData\Local\Programs\MiKTeX\tex/latex/hyperref\pd1enc.def
File: pd1enc.def 2026-01-29 v7.01p Hyperref: PDFDocEncoding definition (HO)
Now handling font encoding PD1 ...
... no UTF-8 mapping file for font encoding PD1
) (C:\Users\Minh\AppData\Local\Programs\MiKTeX\tex/generic/intcalc\intcalc.sty
Package: intcalc 2019/12/15 v1.3 Expandable calculations with integers (HO)
)
\Hy@SavedSpaceFactor=\count351
 (C:\Users\Minh\AppData\Local\Programs\MiKTeX\tex/latex/hyperref\puenc.def
File: puenc.def 2026-01-29 v7.01p Hyperref: PDF Unicode definition (HO)
Now handling font encoding PU ...
... no UTF-8 mapping file for font encoding PU
)
Package hyperref Info: Hyper figures OFF on input line 4201.
Package hyperref Info: Link nesting OFF on input line 4206.
Package hyperref Info: Hyper index ON on input line 4209.
Package hyperref Info: Plain pages OFF on input line 4216.
Package hyperref Info: Backreferencing OFF on input line 4221.
Package hyperref Info: Implicit mode ON; LaTeX internals redefined.
Package hyperref Info: Bookmarks ON on input line 4468.
\c@Hy@tempcnt=\count352
 (C:\Users\Minh\AppData\Local\Programs\MiKTeX\tex/latex/url\url.sty
\Urlmuskip=\muskip18
Package: url 2013/09/16  ver 3.4  Verb mode for urls, etc.
)
LaTeX Info: Redefining \url on input line 4807.
\XeTeXLinkMargin=\dimen260
 (C:\Users\Minh\AppData\Local\Programs\MiKTeX\tex/generic/bitset\bitset.sty
Package: bitset 2019/12/09 v1.3 Handle bit-vector datatype (HO)
 (C:\Users\Minh\AppData\Local\Programs\MiKTeX\tex/generic/bigintcalc\bigintcalc.sty
Package: bigintcalc 2019/12/15 v1.5 Expandable calculations on big integers (HO)
))
\Fld@menulength=\count353
\Field@Width=\dimen261
\Fld@charsize=\dimen262
Package hyperref Info: Hyper figures OFF on input line 6084.
Package hyperref Info: Link nesting OFF on input line 6089.
Package hyperref Info: Hyper index ON on input line 6092.
Package hyperref Info: backreferencing OFF on input line 6099.
Package hyperref Info: Link coloring OFF on input line 6104.
Package hyperref Info: Link coloring with OCG OFF on input line 6109.
Package hyperref Info: PDF/A mode OFF on input line 6114.
\Hy@abspage=\count354
\c@Item=\count355
\c@Hfootnote=\count356
)
Package hyperref Info: Driver (autodetected): hpdftex.
 (C:\Users\Minh\AppData\Local\Programs\MiKTeX\tex/latex/hyperref\hpdftex.def
File: hpdftex.def 2026-01-29 v7.01p Hyperref driver for pdfTeX
\Fld@listcount=\count357
\c@bookmark@seq@number=\count358
 (C:\Users\Minh\AppData\Local\Programs\MiKTeX\tex/latex/rerunfilecheck\rerunfilecheck.sty
Package: rerunfilecheck 2025-06-21 v1.11 Rerun checks for auxiliary files (HO)
 (C:\Users\Minh\AppData\Local\Programs\MiKTeX\tex/generic/uniquecounter\uniquecounter.sty
Package: uniquecounter 2019/12/15 v1.4 Provide unlimited unique counter (HO)
)
Package uniquecounter Info: New unique counter `rerunfilecheck' on input line 284.
)
\Hy@SectionHShift=\skip63
) (C:\Users\Minh\AppData\Local\Programs\MiKTeX\tex/latex/fancyhdr\fancyhdr.sty
Package: fancyhdr 2025/02/07 v5.2 Extensive control of page headers and footers
\f@nch@headwidth=\skip64
\f@nch@offset@elh=\skip65
\f@nch@offset@erh=\skip66
\f@nch@offset@olh=\skip67
\f@nch@offset@orh=\skip68
\f@nch@offset@elf=\skip69
\f@nch@offset@erf=\skip70
\f@nch@offset@olf=\skip71
\f@nch@offset@orf=\skip72
\f@nch@height=\skip73
\f@nch@footalignment=\skip74
\f@nch@widthL=\skip75
\f@nch@widthC=\skip76
\f@nch@widthR=\skip77
\@temptokenb=\toks38
)
\c@subsubsubsection=\count359
 (C:\Users\Minh\AppData\Local\Programs\MiKTeX\tex/latex/listings\lstlang1.sty
File: lstlang1.sty 2025/11/14 1.11b listings language file
) (C:\Users\Minh\AppData\Local\Programs\MiKTeX\tex/latex/base\fontenc.sty
Package: fontenc 2025/07/18 v2.1d Standard LaTeX package
) (C:\Users\Minh\AppData\Local\Programs\MiKTeX\tex/latex/mdframed\mdframed.sty
Package: mdframed 2013/07/01 1.9b: mdframed
 (C:\Users\Minh\AppData\Local\Programs\MiKTeX\tex/latex/l3packages/xparse\xparse.sty (C:\Users\Minh\AppData\Local\Programs\MiKTeX\tex/latex/l3kernel\expl3.sty
Package: expl3 2026-03-20 L3 programming layer (loader) 
 (C:\Users\Minh\AppData\Local\Programs\MiKTeX\tex/latex/l3backend\l3backend-pdftex.def
File: l3backend-pdftex.def 2026-02-18 L3 backend support: PDF output (pdfTeX)
\l__color_backend_stack_int=\count360
))
Package: xparse 2025-10-09 L3 Experimental document command parser
) (C:\Users\Minh\AppData\Local\Programs\MiKTeX\tex/latex/zref\zref-abspage.sty
Package: zref-abspage 2026-03-07 v2.37 Module abspage for zref (HO)
 (C:\Users\Minh\AppData\Local\Programs\MiKTeX\tex/latex/zref\zref-base.sty
Package: zref-base 2026-03-07 v2.37 Module base for zref (HO)
 (C:\Users\Minh\AppData\Local\Programs\MiKTeX\tex/latex/auxhook\auxhook.sty
Package: auxhook 2019-12-17 v1.6 Hooks for auxiliary files (HO)
)
Package zref Info: New property list: main on input line 767.
Package zref Info: New property: default on input line 768.
Package zref Info: New property: page on input line 769.
)
\c@abspage=\count361
Package zref Info: New property: abspage on input line 67.
) (C:\Users\Minh\AppData\Local\Programs\MiKTeX\tex/latex/needspace\needspace.sty
Package: needspace 2025/03/13 v1.3e reserve vertical space
)
\mdf@templength=\skip78
\c@mdf@globalstyle@cnt=\count362
\mdf@skipabove@length=\skip79
\mdf@skipbelow@length=\skip80
\mdf@leftmargin@length=\skip81
\mdf@rightmargin@length=\skip82
\mdf@innerleftmargin@length=\skip83
\mdf@innerrightmargin@length=\skip84
\mdf@innertopmargin@length=\skip85
\mdf@innerbottommargin@length=\skip86
\mdf@splittopskip@length=\skip87
\mdf@splitbottomskip@length=\skip88
\mdf@outermargin@length=\skip89
\mdf@innermargin@length=\skip90
\mdf@linewidth@length=\skip91
\mdf@innerlinewidth@length=\skip92
\mdf@middlelinewidth@length=\skip93
\mdf@outerlinewidth@length=\skip94
\mdf@roundcorner@length=\skip95
\mdf@footenotedistance@length=\skip96
\mdf@userdefinedwidth@length=\skip97
\mdf@needspace@length=\skip98
\mdf@frametitleaboveskip@length=\skip99
\mdf@frametitlebelowskip@length=\skip100
\mdf@frametitlerulewidth@length=\skip101
\mdf@frametitleleftmargin@length=\skip102
\mdf@frametitlerightmargin@length=\skip103
\mdf@shadowsize@length=\skip104
\mdf@extratopheight@length=\skip105
\mdf@subtitleabovelinewidth@length=\skip106
\mdf@subtitlebelowlinewidth@length=\skip107
\mdf@subtitleaboveskip@length=\skip108
\mdf@subtitlebelowskip@length=\skip109
\mdf@subtitleinneraboveskip@length=\skip110
\mdf@subtitleinnerbelowskip@length=\skip111
\mdf@subsubtitleabovelinewidth@length=\skip112
\mdf@subsubtitlebelowlinewidth@length=\skip113
\mdf@subsubtitleaboveskip@length=\skip114
\mdf@subsubtitlebelowskip@length=\skip115
\mdf@subsubtitleinneraboveskip@length=\skip116
\mdf@subsubtitleinnerbelowskip@length=\skip117
 (C:\Users\Minh\AppData\Local\Programs\MiKTeX\tex/latex/mdframed\md-frame-0.mdf
File: md-frame-0.mdf 2013/07/01\ 1.9b: md-frame-0
)
\mdf@frametitlebox=\box73
\mdf@footnotebox=\box74
\mdf@splitbox@one=\box75
\mdf@splitbox@two=\box76
\mdf@splitbox@save=\box77
\mdfsplitboxwidth=\skip118
\mdfsplitboxtotalwidth=\skip119
\mdfsplitboxheight=\skip120
\mdfsplitboxdepth=\skip121
\mdfsplitboxtotalheight=\skip122
\mdfframetitleboxwidth=\skip123
\mdfframetitleboxtotalwidth=\skip124
\mdfframetitleboxheight=\skip125
\mdfframetitleboxdepth=\skip126
\mdfframetitleboxtotalheight=\skip127
\mdffootnoteboxwidth=\skip128
\mdffootnoteboxtotalwidth=\skip129
\mdffootnoteboxheight=\skip130
\mdffootnoteboxdepth=\skip131
\mdffootnoteboxtotalheight=\skip132
\mdftotallinewidth=\skip133
\mdfboundingboxwidth=\skip134
\mdfboundingboxtotalwidth=\skip135
\mdfboundingboxheight=\skip136
\mdfboundingboxdepth=\skip137
\mdfboundingboxtotalheight=\skip138
\mdf@freevspace@length=\skip139
\mdf@horizontalwidthofbox@length=\skip140
\mdf@verticalmarginwhole@length=\skip141
\mdf@horizontalspaceofbox=\skip142
\mdfsubtitleheight=\skip143
\mdfsubsubtitleheight=\skip144
\c@mdfcountframes=\count363

****** mdframed patching \endmdf@trivlist

****** -- success******

\mdf@envdepth=\count364
\c@mdf@env@i=\count365
\c@mdf@env@ii=\count366
\c@mdf@zref@counter=\count367
Package zref Info: New property: mdf@pagevalue on input line 895.
) (BTL.aux
Package babel Info: 'vietnamese' activates 'vietnamese' shorthands.
(babel)             Reported on input line 10.


LaTeX Warning: Label `fig:enter-label' multiply defined.


LaTeX Warning: Label `fig:enter-label' multiply defined.


LaTeX Warning: Label `fig:enter-label' multiply defined.


LaTeX Warning: Label `fig:enter-label' multiply defined.

)
\openout1 = `BTL.aux'.

LaTeX Font Info:    Checking defaults for OML/cmm/m/it on input line 143.
LaTeX Font Info:    ... okay on input line 143.
LaTeX Font Info:    Checking defaults for OMS/cmsy/m/n on input line 143.
LaTeX Font Info:    ... okay on input line 143.
LaTeX Font Info:    Checking defaults for OT1/cmr/m/n on input line 143.
LaTeX Font Info:    ... okay on input line 143.
LaTeX Font Info:    Checking defaults for T1/cmr/m/n on input line 143.
LaTeX Font Info:    ... okay on input line 143.
LaTeX Font Info:    Checking defaults for TS1/cmr/m/n on input line 143.
LaTeX Font Info:    ... okay on input line 143.
LaTeX Font Info:    Checking defaults for OMX/cmex/m/n on input line 143.
LaTeX Font Info:    ... okay on input line 143.
LaTeX Font Info:    Checking defaults for U/cmr/m/n on input line 143.
LaTeX Font Info:    ... okay on input line 143.
LaTeX Font Info:    Checking defaults for T5/cmr/m/n on input line 143.
LaTeX Font Info:    ... okay on input line 143.
LaTeX Font Info:    Checking defaults for PD1/pdf/m/n on input line 143.
LaTeX Font Info:    ... okay on input line 143.
LaTeX Font Info:    Checking defaults for PU/pdf/m/n on input line 143.
LaTeX Font Info:    ... okay on input line 143.
\c@lstlisting=\count368

*geometry* driver: auto-detecting
*geometry* detected driver: pdftex
*geometry* verbose mode - [ preamble ] result:
* driver: pdftex
* paper: a4paper
* layout: <same size as paper>
* layoutoffset:(h,v)=(0.0pt,0.0pt)
* modes: 
* h-part:(L,W,R)=(71.13188pt, 455.24411pt, 71.13188pt)
* v-part:(T,H,B)=(71.13188pt, 702.78308pt, 71.13188pt)
* \paperwidth=597.50787pt
* \paperheight=845.04684pt
* \textwidth=455.24411pt
* \textheight=702.78308pt
* \oddsidemargin=-1.1381pt
* \evensidemargin=-1.1381pt
* \topmargin=-38.1381pt
* \headheight=40.0pt
* \headsep=25.0pt
* \topskip=12.0pt
* \footskip=30.0pt
* \marginparwidth=35.0pt
* \marginparsep=10.0pt
* \columnsep=10.0pt
* \skip\footins=10.8pt plus 4.0pt minus 2.0pt
* \hoffset=0.0pt
* \voffset=0.0pt
* \mag=1000
* \@twocolumnfalse
* \@twosidefalse
* \@mparswitchfalse
* \@reversemarginfalse
* (1in=72.27pt=25.4mm, 1cm=28.453pt)

(C:\Users\Minh\AppData\Local\Programs\MiKTeX\tex/context/base/mkii\supp-pdf.mkii
[Loading MPS to PDF converter (version 2006.09.02).]
\scratchcounter=\count369
\scratchdimen=\dimen263
\scratchbox=\box78
\nofMPsegments=\count370
\nofMParguments=\count371
\everyMPshowfont=\toks39
\MPscratchCnt=\count372
\MPscratchDim=\dimen264
\MPnumerator=\count373
\makeMPintoPDFobject=\count374
\everyMPtoPDFconversion=\toks40
) (C:\Users\Minh\AppData\Local\Programs\MiKTeX\tex/latex/epstopdf-pkg\epstopdf-base.sty
Package: epstopdf-base 2020-01-24 v2.11 Base part for package epstopdf
Package epstopdf-base Info: Redefining graphics rule for `.eps' on input line 485.
 (C:\Users\Minh\AppData\Local\Programs\MiKTeX\tex/latex/00miktex\epstopdf-sys.cfg
File: epstopdf-sys.cfg 2021/03/18 v2.0 Configuration of epstopdf for MiKTeX
))
Package hyperref Info: Link coloring OFF on input line 143.
 (BTL.out) (BTL.out)
\@outlinefile=\write4
\openout4 = `BTL.out'.

<images/LOGO_HCMUT.png, id=394, 114.4275pt x 115.632pt>
File: images/LOGO_HCMUT.png Graphic file (type png)
<use images/LOGO_HCMUT.png>
Package pdftex.def Info: images/LOGO_HCMUT.png  used on input line 156.
(pdftex.def)             Requested size: 113.81102pt x 115.01416pt.
LaTeX Font Info:    Trying to load font information for U+msa on input line 164.
 (C:\Users\Minh\AppData\Local\Programs\MiKTeX\tex/latex/amsfonts\umsa.fd
File: umsa.fd 2013/01/14 v3.01 AMS symbols A
)
LaTeX Font Info:    Trying to load font information for U+msb on input line 164.
 (C:\Users\Minh\AppData\Local\Programs\MiKTeX\tex/latex/amsfonts\umsb.fd
File: umsb.fd 2013/01/14 v3.01 AMS symbols B
)
Overfull \hbox (4.16864pt too wide) in paragraph at lines 164--178
 [] 
 []

[1

{C:/Users/Minh/AppData/Local/MiKTeX/fonts/map/pdftex/pdftex.map} <./images/LOGO_HCMUT.png>] (BTL.toc
pdfTeX warning (ext4): destination with the same identifier (name{page.1}) has been already used, duplicate ignored
<to be read again> 
                   \relax 
l.36 ...ne {4}THỐNG KÊ MÔ TẢ}{30}{chapter.4}
                                                  % [1

]
LaTeX Font Info:    Trying to load font information for T5+cmtt on input line 49.
 (C:\Users\Minh\AppData\Local\Programs\MiKTeX\tex/latex/vntex\t5cmtt.fd
File: t5cmtt.fd 1999/05/25 v2.5h Standard LaTeX font definitions
)
File: images/LOGO_HCMUT.png Graphic file (type png)
<use images/LOGO_HCMUT.png>
Package pdftex.def Info: images/LOGO_HCMUT.png  used on input line 84.
(pdftex.def)             Requested size: 28.45274pt x 28.75089pt.
LaTeX Font Info:    Font shape `T5/cmtt/bx/n' in size <12> not available
(Font)              Font shape `T5/cmtt/m/n' tried instead on input line 84.
 [2])
\tf@toc=\write5
\openout5 = `BTL.toc'.

File: images/LOGO_HCMUT.png Graphic file (type png)
<use images/LOGO_HCMUT.png>
Package pdftex.def Info: images/LOGO_HCMUT.png  used on input line 201.
(pdftex.def)             Requested size: 28.45274pt x 28.75089pt.
 [3]
Ch\uhorn \ohorn ng 1.
(sections/DSTV.tex)
Overfull \hbox (12.96458pt too wide) in paragraph at lines 3--208
[]
 []


Underfull \hbox (badness 10000) in paragraph at lines 3--208

 []

[4


]
Ch\uhorn \ohorn ng 2.
(sections/1.tex [5

]
File: images/LOGO_HCMUT.png Graphic file (type png)
<use images/LOGO_HCMUT.png>
Package pdftex.def Info: images/LOGO_HCMUT.png  used on input line 52.
(pdftex.def)             Requested size: 28.45274pt x 28.75089pt.
 [6])
File: images/LOGO_HCMUT.png Graphic file (type png)
<use images/LOGO_HCMUT.png>
Package pdftex.def Info: images/LOGO_HCMUT.png  used on input line 211.
(pdftex.def)             Requested size: 28.45274pt x 28.75089pt.
 [7]
pdfTeX warning (ext4): destination with the same identifier (name{chapter.2}) has been already used, duplicate ignored
<to be read again> 
                   \relax 
l.211     \chapter{KIẾN THỨC NỀN}
                                       
Ch\uhorn \ohorn ng 2.
(sections/2.tex [8

]
File: images/LOGO_HCMUT.png Graphic file (type png)
<use images/LOGO_HCMUT.png>
Package pdftex.def Info: images/LOGO_HCMUT.png  used on input line 39.
(pdftex.def)             Requested size: 28.45274pt x 28.75089pt.
 [9]
File: images/LOGO_HCMUT.png Graphic file (type png)
<use images/LOGO_HCMUT.png>
Package pdftex.def Info: images/LOGO_HCMUT.png  used on input line 67.
(pdftex.def)             Requested size: 28.45274pt x 28.75089pt.
 [10]
File: images/LOGO_HCMUT.png Graphic file (type png)
<use images/LOGO_HCMUT.png>
Package pdftex.def Info: images/LOGO_HCMUT.png  used on input line 99.
(pdftex.def)             Requested size: 28.45274pt x 28.75089pt.
 [11]
File: images/LOGO_HCMUT.png Graphic file (type png)
<use images/LOGO_HCMUT.png>
Package pdftex.def Info: images/LOGO_HCMUT.png  used on input line 141.
(pdftex.def)             Requested size: 28.45274pt x 28.75089pt.
 [12]
File: images/LOGO_HCMUT.png Graphic file (type png)
<use images/LOGO_HCMUT.png>
Package pdftex.def Info: images/LOGO_HCMUT.png  used on input line 190.
(pdftex.def)             Requested size: 28.45274pt x 28.75089pt.
 [13]
File: images/LOGO_HCMUT.png Graphic file (type png)
<use images/LOGO_HCMUT.png>
Package pdftex.def Info: images/LOGO_HCMUT.png  used on input line 255.
(pdftex.def)             Requested size: 28.45274pt x 28.75089pt.
 [14])
File: images/LOGO_HCMUT.png Graphic file (type png)
<use images/LOGO_HCMUT.png>
Package pdftex.def Info: images/LOGO_HCMUT.png  used on input line 214.
(pdftex.def)             Requested size: 28.45274pt x 28.75089pt.
 [15]
Ch\uhorn \ohorn ng 3.
(sections/3.tex
\pydata@fh@0=\write6
\openout6 = `_4EE3E9AEF6BC0E9B2C8EBEB95530B22D.data.minted'.

runsystem(latexminted config  --timestamp 20260503081218 4EE3E9AEF6BC0E9B2C8EBEB95530B22D)...executed.

 (_4EE3E9AEF6BC0E9B2C8EBEB95530B22D.config.minted)
runsystem(latexminted cleanconfig  --timestamp 20260503081218 4EE3E9AEF6BC0E9B2C8EBEB95530B22D)...executed.

 (_minted/default.style.minted) (_minted/214F67D5D50A62BECD5C90E4340176B0.highlight.minted)
<images/Screenshot 2025-07-29 105142.png, id=586, 657.95813pt x 405.76593pt>
File: images/Screenshot 2025-07-29 105142.png Graphic file (type png)
<use images/Screenshot 2025-07-29 105142.png>
Package pdftex.def Info: images/Screenshot 2025-07-29 105142.png  used on input line 11.
(pdftex.def)             Requested size: 341.43307pt x 210.56609pt.
 [16

 <./images/Screenshot 2025-07-29 105142.png>] (_minted/0D7F5966671DEC12C655CD2A23111636.highlight.minted)
File: images/LOGO_HCMUT.png Graphic file (type png)
<use images/LOGO_HCMUT.png>
Package pdftex.def Info: images/LOGO_HCMUT.png  used on input line 51.
(pdftex.def)             Requested size: 28.45274pt x 28.75089pt.
 [17]
<images/Rplot01.png, id=600, 1129.21875pt x 426.393pt>
File: images/Rplot01.png Graphic file (type png)
<use images/Rplot01.png>
Package pdftex.def Info: images/Rplot01.png  used on input line 57.
(pdftex.def)             Requested size: 455.24411pt x 171.90096pt.

Underfull \hbox (badness 10000) in paragraph at lines 67--83
[][][][][][]\T5/cmr/m/n/12 , [][][][][][], [][][][][][], [][][][][][], [][][][][][],
 []

File: images/LOGO_HCMUT.png Graphic file (type png)
<use images/LOGO_HCMUT.png>
Package pdftex.def Info: images/LOGO_HCMUT.png  used on input line 103.
(pdftex.def)             Requested size: 28.45274pt x 28.75089pt.
[18 <./images/Rplot01.png>]
File: images/LOGO_HCMUT.png Graphic file (type png)
<use images/LOGO_HCMUT.png>
Package pdftex.def Info: images/LOGO_HCMUT.png  used on input line 146.
(pdftex.def)             Requested size: 28.45274pt x 28.75089pt.
 [19] (_minted/881448A7A2093C9FD1920E57B320F0FD.highlight.minted) (_minted/BF996913812EA076C63996E55E2BA3A9.highlight.minted)
File: images/LOGO_HCMUT.png Graphic file (type png)
<use images/LOGO_HCMUT.png>
Package pdftex.def Info: images/LOGO_HCMUT.png  used on input line 187.
(pdftex.def)             Requested size: 28.45274pt x 28.75089pt.
 [20]
<images/Screenshot 2025-08-06 231813.png, id=616, 657.95813pt x 361.35pt>
File: images/Screenshot 2025-08-06 231813.png Graphic file (type png)
<use images/Screenshot 2025-08-06 231813.png>
Package pdftex.def Info: images/Screenshot 2025-08-06 231813.png  used on input line 191.
(pdftex.def)             Requested size: 455.24411pt x 250.0265pt.

Overfull \hbox (6.79999pt too wide) in paragraph at lines 191--192
 [][] 
 []

(_minted/D4EB8B1E53C27A0DD5A8B2AFDC599669.highlight.minted) (_minted/69CE87F8545A8E030BFDC6E5E832164B.highlight.minted
File: images/LOGO_HCMUT.png Graphic file (type png)
<use images/LOGO_HCMUT.png>
Package pdftex.def Info: images/LOGO_HCMUT.png  used on input line 13.
(pdftex.def)             Requested size: 28.45274pt x 28.75089pt.
 [21 <./images/Screenshot 2025-08-06 231813.png>]) (_minted/8332D13B739DB1B77C312ADFB8C753F5.highlight.minted
File: images/LOGO_HCMUT.png Graphic file (type png)
<use images/LOGO_HCMUT.png>
Package pdftex.def Info: images/LOGO_HCMUT.png  used on input line 2.
(pdftex.def)             Requested size: 28.45274pt x 28.75089pt.
 [22]) (_minted/29934CF9E060CE3EE3CCF974390DFA8F.highlight.minted) (_minted/985E2CC970DA76BEEB31DE723A7B2390.highlight.minted) (_minted/FED807B15F82ED951EBDD2473C4DF5ED.highlight.minted)
File: images/LOGO_HCMUT.png Graphic file (type png)
<use images/LOGO_HCMUT.png>
Package pdftex.def Info: images/LOGO_HCMUT.png  used on input line 305.
(pdftex.def)             Requested size: 28.45274pt x 28.75089pt.
 [23]
<images/Screenshot 2026-05-03 033602.png, id=632, 426.84468pt x 328.22626pt>
File: images/Screenshot 2026-05-03 033602.png Graphic file (type png)
<use images/Screenshot 2026-05-03 033602.png>
Package pdftex.def Info: images/Screenshot 2026-05-03 033602.png  used on input line 310.
(pdftex.def)             Requested size: 409.71692pt x 315.0786pt.
File: images/LOGO_HCMUT.png Graphic file (type png)
<use images/LOGO_HCMUT.png>
Package pdftex.def Info: images/LOGO_HCMUT.png  used on input line 369.
(pdftex.def)             Requested size: 28.45274pt x 28.75089pt.
 [24 <./images/Screenshot 2026-05-03 033602.png>] (_minted/B428881A88A7D0B77A3C3BAA709FCECE.highlight.minted)
<images/Screenshot 2026-05-03 033555.png, id=640, 423.83344pt x 431.36156pt>
File: images/Screenshot 2026-05-03 033555.png Graphic file (type png)
<use images/Screenshot 2026-05-03 033555.png>
Package pdftex.def Info: images/Screenshot 2026-05-03 033555.png  used on input line 434.
(pdftex.def)             Requested size: 409.71692pt x 417.01166pt.
File: images/LOGO_HCMUT.png Graphic file (type png)
<use images/LOGO_HCMUT.png>
Package pdftex.def Info: images/LOGO_HCMUT.png  used on input line 438.
(pdftex.def)             Requested size: 28.45274pt x 28.75089pt.
 [25] (_minted/2EAEE15C277903B14B525189C07F42CC.highlight.minted
File: images/LOGO_HCMUT.png Graphic file (type png)
<use images/LOGO_HCMUT.png>
Package pdftex.def Info: images/LOGO_HCMUT.png  used on input line 1.
(pdftex.def)             Requested size: 28.45274pt x 28.75089pt.
 [26 <./images/Screenshot 2026-05-03 033555.png>]) (_minted/5A5AEA10584C21DDFEFB22A1766D7646.highlight.minted)
<images/Screenshot 2025-08-05 153233.png, id=651, 656.4525pt x 122.70844pt>
File: images/Screenshot 2025-08-05 153233.png Graphic file (type png)
<use images/Screenshot 2025-08-05 153233.png>
Package pdftex.def Info: images/Screenshot 2025-08-05 153233.png  used on input line 486.
(pdftex.def)             Requested size: 455.24411pt x 85.09767pt.

Overfull \hbox (6.79999pt too wide) in paragraph at lines 486--487
 [][] 
 []

(_minted/21A52493106EE41E34989A2A5C98A72E.highlight.minted
File: images/LOGO_HCMUT.png Graphic file (type png)
<use images/LOGO_HCMUT.png>
Package pdftex.def Info: images/LOGO_HCMUT.png  used on input line 6.
(pdftex.def)             Requested size: 28.45274pt x 28.75089pt.
 [27 <./images/Screenshot 2025-08-05 153233.png>])
<images/Screenshot 2025-08-05 153442.png, id=657, 658.71094pt x 121.20282pt>
File: images/Screenshot 2025-08-05 153442.png Graphic file (type png)
<use images/Screenshot 2025-08-05 153442.png>
Package pdftex.def Info: images/Screenshot 2025-08-05 153442.png  used on input line 499.
(pdftex.def)             Requested size: 455.24411pt x 83.76688pt.

Overfull \hbox (6.79999pt too wide) in paragraph at lines 499--500
 [][] 
 []

(_minted/643B5274C057A97B37E3D8897DC1E512.highlight.minted)
<images/Screenshot 2026-05-03 034350.png, id=658, 369.63094pt x 314.67563pt>
File: images/Screenshot 2026-05-03 034350.png Graphic file (type png)
<use images/Screenshot 2026-05-03 034350.png>
Package pdftex.def Info: images/Screenshot 2026-05-03 034350.png  used on input line 516.
(pdftex.def)             Requested size: 455.24411pt x 387.56248pt.

Overfull \hbox (6.79999pt too wide) in paragraph at lines 516--517
 [][] 
 []


LaTeX Warning: `!h' float specifier changed to `!ht'.

)
File: images/LOGO_HCMUT.png Graphic file (type png)
<use images/LOGO_HCMUT.png>
Package pdftex.def Info: images/LOGO_HCMUT.png  used on input line 217.
(pdftex.def)             Requested size: 28.45274pt x 28.75089pt.
 [28 <./images/Screenshot 2025-08-05 153442.png>]
File: images/LOGO_HCMUT.png Graphic file (type png)
<use images/LOGO_HCMUT.png>
Package pdftex.def Info: images/LOGO_HCMUT.png  used on input line 217.
(pdftex.def)             Requested size: 28.45274pt x 28.75089pt.
 [29 <./images/Screenshot 2026-05-03 034350.png>]
Ch\uhorn \ohorn ng 4.
(sections/4.tex (_minted/3C030D96ED949E08743D0805D57C3EC9.highlight.minted)
<images/Screenshot 2026-05-03 043742.png, id=669, 284.56313pt x 195.73125pt>
File: images/Screenshot 2026-05-03 043742.png Graphic file (type png)
<use images/Screenshot 2026-05-03 043742.png>
Package pdftex.def Info: images/Screenshot 2026-05-03 043742.png  used on input line 17.
(pdftex.def)             Requested size: 455.24411pt x 313.16443pt.

Overfull \hbox (6.79999pt too wide) in paragraph at lines 17--18
 [][] 
 []

(_minted/A59F941B787246910BC9BB4EBCB9570D.highlight.minted [30

 <./images/Screenshot 2026-05-03 043742.png>])
<images/Screenshot 2026-05-03 043747.png, id=676, 286.06876pt x 191.21437pt>
File: images/Screenshot 2026-05-03 043747.png Graphic file (type png)
<use images/Screenshot 2026-05-03 043747.png>
Package pdftex.def Info: images/Screenshot 2026-05-03 043747.png  used on input line 32.
(pdftex.def)             Requested size: 455.24411pt x 304.29782pt.

Overfull \hbox (6.79999pt too wide) in paragraph at lines 32--33
 [][] 
 []

(_minted/73F04DA2F99277B3371BBA33132687E5.highlight.minted
File: images/LOGO_HCMUT.png Graphic file (type png)
<use images/LOGO_HCMUT.png>
Package pdftex.def Info: images/LOGO_HCMUT.png  used on input line 12.
(pdftex.def)             Requested size: 28.45274pt x 28.75089pt.
 [31 <./images/Screenshot 2026-05-03 043747.png>])
<images/Screenshot 2026-05-03 044605.png, id=682, 405.76593pt x 402.75468pt>
File: images/Screenshot 2026-05-03 044605.png Graphic file (type png)
<use images/Screenshot 2026-05-03 044605.png>
Package pdftex.def Info: images/Screenshot 2026-05-03 044605.png  used on input line 57.
(pdftex.def)             Requested size: 364.19667pt x 361.50487pt.
 (_minted/F0582206C6D899D409DFA812AE95B89D.highlight.minted
File: images/LOGO_HCMUT.png Graphic file (type png)
<use images/LOGO_HCMUT.png>
Package pdftex.def Info: images/LOGO_HCMUT.png  used on input line 12.
(pdftex.def)             Requested size: 28.45274pt x 28.75089pt.
 [32 <./images/Screenshot 2026-05-03 044605.png>])
<images/Screenshot 2026-05-03 044612.png, id=688, 401.24907pt x 397.485pt>
File: images/Screenshot 2026-05-03 044612.png Graphic file (type png)
<use images/Screenshot 2026-05-03 044612.png>
Package pdftex.def Info: images/Screenshot 2026-05-03 044612.png  used on input line 83.
(pdftex.def)             Requested size: 364.19667pt x 360.80214pt.
 (_minted/EF47B9B762842DC1644BDD20A98EB77D.highlight.minted
File: images/LOGO_HCMUT.png Graphic file (type png)
<use images/LOGO_HCMUT.png>
Package pdftex.def Info: images/LOGO_HCMUT.png  used on input line 9.
(pdftex.def)             Requested size: 28.45274pt x 28.75089pt.
 [33 <./images/Screenshot 2026-05-03 044612.png>])
<images/Screenshot 2026-05-03 044739.png, id=694, 399.74344pt x 401.24907pt>
File: images/Screenshot 2026-05-03 044739.png Graphic file (type png)
<use images/Screenshot 2026-05-03 044739.png>
Package pdftex.def Info: images/Screenshot 2026-05-03 044739.png  used on input line 104.
(pdftex.def)             Requested size: 364.19667pt x 365.58415pt.
 (_minted/29E52889D7994D3E0B5E6D60E833AF4E.highlight.minted)
<images/Screenshot 2026-05-03 045147.png, id=695, 414.79968pt x 389.20406pt>
File: images/Screenshot 2026-05-03 045147.png Graphic file (type png)
<use images/Screenshot 2026-05-03 045147.png>
Package pdftex.def Info: images/Screenshot 2026-05-03 045147.png  used on input line 121.
(pdftex.def)             Requested size: 273.14923pt x 256.29941pt.


LaTeX Warning: `!h' float specifier changed to `!ht'.

File: images/LOGO_HCMUT.png Graphic file (type png)
<use images/LOGO_HCMUT.png>
Package pdftex.def Info: images/LOGO_HCMUT.png  used on input line 125.
(pdftex.def)             Requested size: 28.45274pt x 28.75089pt.
[34 <./images/Screenshot 2026-05-03 044739.png>] (_minted/CB24532F0CCA4EC3EAE6FC6A99245ADF.highlight.minted)
<images/Screenshot 2026-05-03 045152.png, id=701, 409.53pt x 380.17032pt>
File: images/Screenshot 2026-05-03 045152.png Graphic file (type png)
<use images/Screenshot 2026-05-03 045152.png>
Package pdftex.def Info: images/Screenshot 2026-05-03 045152.png  used on input line 134.
(pdftex.def)             Requested size: 273.14923pt x 253.5816pt.
File: images/LOGO_HCMUT.png Graphic file (type png)
<use images/LOGO_HCMUT.png>
Package pdftex.def Info: images/LOGO_HCMUT.png  used on input line 138.
(pdftex.def)             Requested size: 28.45274pt x 28.75089pt.
 [35 <./images/Screenshot 2026-05-03 045147.png> <./images/Screenshot 2026-05-03 045152.png>] (_minted/8723F7D42E0C2B76BE414B6ACE0F4629.highlight.minted)
<images/Screenshot 2026-05-03 045158.png, id=708, 419.31656pt x 378.66469pt>
File: images/Screenshot 2026-05-03 045158.png Graphic file (type png)
<use images/Screenshot 2026-05-03 045158.png>
Package pdftex.def Info: images/Screenshot 2026-05-03 045158.png  used on input line 147.
(pdftex.def)             Requested size: 273.14923pt x 246.66647pt.
 (_minted/29F21AD47E1AE0EE19D9472CC1571E8C.highlight.minted
File: images/LOGO_HCMUT.png Graphic file (type png)
<use images/LOGO_HCMUT.png>
Package pdftex.def Info: images/LOGO_HCMUT.png  used on input line 19.
(pdftex.def)             Requested size: 28.45274pt x 28.75089pt.
 [36 <./images/Screenshot 2026-05-03 045158.png>])
<images/Screenshot 2026-05-03 050037.png, id=715, 415.5525pt x 399.74344pt>
File: images/Screenshot 2026-05-03 050037.png Graphic file (type png)
<use images/Screenshot 2026-05-03 050037.png>
Package pdftex.def Info: images/Screenshot 2026-05-03 050037.png  used on input line 203.
(pdftex.def)             Requested size: 455.24411pt x 437.94414pt.

Overfull \hbox (6.79999pt too wide) in paragraph at lines 203--204
 [][] 
 []


LaTeX Warning: `!h' float specifier changed to `!ht'.

)
File: images/LOGO_HCMUT.png Graphic file (type png)
<use images/LOGO_HCMUT.png>
Package pdftex.def Info: images/LOGO_HCMUT.png  used on input line 220.
(pdftex.def)             Requested size: 28.45274pt x 28.75089pt.
 [37]
File: images/LOGO_HCMUT.png Graphic file (type png)
<use images/LOGO_HCMUT.png>
Package pdftex.def Info: images/LOGO_HCMUT.png  used on input line 220.
(pdftex.def)             Requested size: 28.45274pt x 28.75089pt.
 [38 <./images/Screenshot 2026-05-03 050037.png>]
Ch\uhorn \ohorn ng 5.
(sections/5.tex (C:\Users\Minh\AppData\Local\Programs\MiKTeX\tex/latex/listings\lstlang1.sty
File: lstlang1.sty 2025/11/14 1.11b listings language file
) (C:\Users\Minh\AppData\Local\Programs\MiKTeX\tex/latex/listings\lstlang2.sty
File: lstlang2.sty 2025/11/14 1.11b listings language file
) (C:\Users\Minh\AppData\Local\Programs\MiKTeX\tex/latex/listings\lstlang3.sty
File: lstlang3.sty 2025/11/14 1.11b listings language file
)
Package hyperref Info: bookmark level for unknown lstlisting defaults to 0 on input line 6.
 [39

]
File: images/LOGO_HCMUT.png Graphic file (type png)
<use images/LOGO_HCMUT.png>
Package pdftex.def Info: images/LOGO_HCMUT.png  used on input line 75.
(pdftex.def)             Requested size: 28.45274pt x 28.75089pt.
 [40]
<images/Screenshot 2026-05-03 050256.png, id=767, 298.11375pt x 159.59625pt>
File: images/Screenshot 2026-05-03 050256.png Graphic file (type png)
<use images/Screenshot 2026-05-03 050256.png>
Package pdftex.def Info: images/Screenshot 2026-05-03 050256.png  used on input line 105.
(pdftex.def)             Requested size: 364.19667pt x 194.98473pt.
File: images/LOGO_HCMUT.png Graphic file (type png)
<use images/LOGO_HCMUT.png>
Package pdftex.def Info: images/LOGO_HCMUT.png  used on input line 139.
(pdftex.def)             Requested size: 28.45274pt x 28.75089pt.
 [41 <./images/Screenshot 2026-05-03 050256.png>]
<images/Screenshot 2025-08-05 215544.png, id=795, 1434.86063pt x 706.13812pt>
File: images/Screenshot 2025-08-05 215544.png Graphic file (type png)
<use images/Screenshot 2025-08-05 215544.png>
Package pdftex.def Info: images/Screenshot 2025-08-05 215544.png  used on input line 154.
(pdftex.def)             Requested size: 455.24411pt x 224.04013pt.


LaTeX Warning: `!h' float specifier changed to `!ht'.

LaTeX Font Info:    Font shape `T5/cmtt/bx/n' in size <14.4> not available
(Font)              Font shape `T5/cmtt/m/n' tried instead on input line 161.
File: images/LOGO_HCMUT.png Graphic file (type png)
<use images/LOGO_HCMUT.png>
Package pdftex.def Info: images/LOGO_HCMUT.png  used on input line 167.
(pdftex.def)             Requested size: 28.45274pt x 28.75089pt.
[42]
File: images/LOGO_HCMUT.png Graphic file (type png)
<use images/LOGO_HCMUT.png>
Package pdftex.def Info: images/LOGO_HCMUT.png  used on input line 192.
(pdftex.def)             Requested size: 28.45274pt x 28.75089pt.
 [43 <./images/Screenshot 2025-08-05 215544.png>]
File: images/LOGO_HCMUT.png Graphic file (type png)
<use images/LOGO_HCMUT.png>
Package pdftex.def Info: images/LOGO_HCMUT.png  used on input line 270.
(pdftex.def)             Requested size: 28.45274pt x 28.75089pt.
 [44]
File: images/LOGO_HCMUT.png Graphic file (type png)
<use images/LOGO_HCMUT.png>
Package pdftex.def Info: images/LOGO_HCMUT.png  used on input line 286.
(pdftex.def)             Requested size: 28.45274pt x 28.75089pt.
 [45]
<images/../images/7.1.png, id=855, 799.98875pt x 256.96pt>
File: images/../images/7.1.png Graphic file (type png)
<use images/../images/7.1.png>
Package pdftex.def Info: images/../images/7.1.png  used on input line 309.
(pdftex.def)             Requested size: 455.24411pt x 146.22954pt.
File: images/LOGO_HCMUT.png Graphic file (type png)
<use images/LOGO_HCMUT.png>
Package pdftex.def Info: images/LOGO_HCMUT.png  used on input line 316.
(pdftex.def)             Requested size: 28.45274pt x 28.75089pt.
 [46 <./images/../images/7.1.png (PNG copy)>]
<images/../images/7.2.png, id=865, 831.105pt x 82.05656pt>
File: images/../images/7.2.png Graphic file (type png)
<use images/../images/7.2.png>
Package pdftex.def Info: images/../images/7.2.png  used on input line 323.
(pdftex.def)             Requested size: 455.24411pt x 44.94717pt.
<images/../images/7.3.png, id=866, 846.16125pt x 453.94594pt>
File: images/../images/7.3.png Graphic file (type png)
<use images/../images/7.3.png>
Package pdftex.def Info: images/../images/7.3.png  used on input line 337.
(pdftex.def)             Requested size: 455.24411pt x 244.22668pt.
<images/../images/7.4.png, id=867, 712.6625pt x 490.83376pt>
File: images/../images/7.4.png Graphic file (type png)
<use images/../images/7.4.png>
Package pdftex.def Info: images/../images/7.4.png  used on input line 346.
(pdftex.def)             Requested size: 455.24411pt x 313.54085pt.
File: images/LOGO_HCMUT.png Graphic file (type png)
<use images/LOGO_HCMUT.png>
Package pdftex.def Info: images/LOGO_HCMUT.png  used on input line 350.
(pdftex.def)             Requested size: 28.45274pt x 28.75089pt.
 [47 <./images/../images/7.2.png> <./images/../images/7.3.png>]
File: images/LOGO_HCMUT.png Graphic file (type png)
<use images/LOGO_HCMUT.png>
Package pdftex.def Info: images/LOGO_HCMUT.png  used on input line 365.
(pdftex.def)             Requested size: 28.45274pt x 28.75089pt.
 [48 <./images/../images/7.4.png (PNG copy)>]
File: images/LOGO_HCMUT.png Graphic file (type png)
<use images/LOGO_HCMUT.png>
Package pdftex.def Info: images/LOGO_HCMUT.png  used on input line 418.
(pdftex.def)             Requested size: 28.45274pt x 28.75089pt.
 [49]
File: images/LOGO_HCMUT.png Graphic file (type png)
<use images/LOGO_HCMUT.png>
Package pdftex.def Info: images/LOGO_HCMUT.png  used on input line 460.
(pdftex.def)             Requested size: 28.45274pt x 28.75089pt.
 [50] (_minted/894AC750400EEDB2BC3590D9041AE641.highlight.minted)
<images/Screenshot 2026-05-03 055510.png, id=896, 460.72125pt x 111.41624pt>
File: images/Screenshot 2026-05-03 055510.png Graphic file (type png)
<use images/Screenshot 2026-05-03 055510.png>
Package pdftex.def Info: images/Screenshot 2026-05-03 055510.png  used on input line 485.
(pdftex.def)             Requested size: 455.24411pt x 110.0916pt.

Overfull \hbox (6.79999pt too wide) in paragraph at lines 485--486
 [][] 
 []

File: images/LOGO_HCMUT.png Graphic file (type png)
<use images/LOGO_HCMUT.png>
Package pdftex.def Info: images/LOGO_HCMUT.png  used on input line 495.
(pdftex.def)             Requested size: 28.45274pt x 28.75089pt.
[51 <./images/Screenshot 2026-05-03 055510.png>]
<images/Screenshot 2026-05-03 055525.png, id=902, 457.71pt x 110.66344pt>
File: images/Screenshot 2026-05-03 055525.png Graphic file (type png)
<use images/Screenshot 2026-05-03 055525.png>
Package pdftex.def Info: images/Screenshot 2026-05-03 055525.png  used on input line 498.
(pdftex.def)             Requested size: 455.24411pt x 110.07213pt.

Overfull \hbox (6.79999pt too wide) in paragraph at lines 498--499
 [][] 
 []

<images/Screenshot 2026-05-03 055531.png, id=903, 459.21562pt x 106.89937pt>
File: images/Screenshot 2026-05-03 055531.png Graphic file (type png)
<use images/Screenshot 2026-05-03 055531.png>
Package pdftex.def Info: images/Screenshot 2026-05-03 055531.png  used on input line 511.
(pdftex.def)             Requested size: 455.24411pt x 105.98074pt.

Overfull \hbox (6.79999pt too wide) in paragraph at lines 511--512
 [][] 
 []


Overfull \hbox (62.23492pt too wide) in alignment at lines 524--534
 [] [] [] [] [] 
 []

File: images/LOGO_HCMUT.png Graphic file (type png)
<use images/LOGO_HCMUT.png>
Package pdftex.def Info: images/LOGO_HCMUT.png  used on input line 548.
(pdftex.def)             Requested size: 28.45274pt x 28.75089pt.
[52 <./images/Screenshot 2026-05-03 055525.png> <./images/Screenshot 2026-05-03 055531.png>] (_minted/168426CB13818898184C09A1CB7DE1EF.highlight.minted)
<images/Screenshot 2026-05-03 060430.png, id=912, 536.75531pt x 230.36063pt>
File: images/Screenshot 2026-05-03 060430.png Graphic file (type png)
<use images/Screenshot 2026-05-03 060430.png>
Package pdftex.def Info: images/Screenshot 2026-05-03 060430.png  used on input line 589.
(pdftex.def)             Requested size: 409.71692pt x 175.83864pt.


LaTeX Warning: `!h' float specifier changed to `!ht'.

<images/Screenshot 2026-05-03 060650.png, id=913, 518.6878pt x 64.74188pt>
File: images/Screenshot 2026-05-03 060650.png Graphic file (type png)
<use images/Screenshot 2026-05-03 060650.png>
Package pdftex.def Info: images/Screenshot 2026-05-03 060650.png  used on input line 596.
(pdftex.def)             Requested size: 409.71692pt x 51.14255pt.

LaTeX Warning: `!h' float specifier changed to `!ht'.

<images/Screenshot 2026-05-03 060453.png, id=914, 426.84468pt x 398.23781pt>
File: images/Screenshot 2026-05-03 060453.png Graphic file (type png)
<use images/Screenshot 2026-05-03 060453.png>
Package pdftex.def Info: images/Screenshot 2026-05-03 060453.png  used on input line 603.
(pdftex.def)             Requested size: 318.66948pt x 297.32861pt.
File: images/LOGO_HCMUT.png Graphic file (type png)
<use images/LOGO_HCMUT.png>
Package pdftex.def Info: images/LOGO_HCMUT.png  used on input line 604.
(pdftex.def)             Requested size: 28.45274pt x 28.75089pt.
[53]
File: images/LOGO_HCMUT.png Graphic file (type png)
<use images/LOGO_HCMUT.png>
Package pdftex.def Info: images/LOGO_HCMUT.png  used on input line 606.
(pdftex.def)             Requested size: 28.45274pt x 28.75089pt.
 [54 <./images/Screenshot 2026-05-03 060430.png> <./images/Screenshot 2026-05-03 060650.png> <./images/Screenshot 2026-05-03 060453.png>]
<images/Screenshot 2026-05-03 060511.png, id=927, 544.28343pt x 187.45032pt>
File: images/Screenshot 2026-05-03 060511.png Graphic file (type png)
<use images/Screenshot 2026-05-03 060511.png>
Package pdftex.def Info: images/Screenshot 2026-05-03 060511.png  used on input line 642.
(pdftex.def)             Requested size: 409.71692pt x 141.10509pt.
<images/Screenshot 2026-05-03 060516.png, id=928, 508.14844pt x 67.75313pt>
File: images/Screenshot 2026-05-03 060516.png Graphic file (type png)
<use images/Screenshot 2026-05-03 060516.png>
Package pdftex.def Info: images/Screenshot 2026-05-03 060516.png  used on input line 649.
(pdftex.def)             Requested size: 409.71692pt x 54.63055pt.


LaTeX Warning: `!h' float specifier changed to `!ht'.

<images/Screenshot 2026-05-03 060528.png, id=929, 402.00188pt x 389.95688pt>
File: images/Screenshot 2026-05-03 060528.png Graphic file (type png)
<use images/Screenshot 2026-05-03 060528.png>
Package pdftex.def Info: images/Screenshot 2026-05-03 060528.png  used on input line 656.
(pdftex.def)             Requested size: 318.66948pt x 309.12169pt.

LaTeX Warning: `!h' float specifier changed to `!ht'.

File: images/LOGO_HCMUT.png Graphic file (type png)
<use images/LOGO_HCMUT.png>
Package pdftex.def Info: images/LOGO_HCMUT.png  used on input line 664.
(pdftex.def)             Requested size: 28.45274pt x 28.75089pt.
[55 <./images/Screenshot 2026-05-03 060511.png>]
<images/Screenshot 2026-05-03 060522.png, id=936, 551.81157pt x 183.68625pt>
File: images/Screenshot 2026-05-03 060522.png Graphic file (type png)
<use images/Screenshot 2026-05-03 060522.png>
Package pdftex.def Info: images/Screenshot 2026-05-03 060522.png  used on input line 687.
(pdftex.def)             Requested size: 409.71692pt x 136.39095pt.
File: images/LOGO_HCMUT.png Graphic file (type png)
<use images/LOGO_HCMUT.png>
Package pdftex.def Info: images/LOGO_HCMUT.png  used on input line 688.
(pdftex.def)             Requested size: 28.45274pt x 28.75089pt.
 [56 <./images/Screenshot 2026-05-03 060516.png> <./images/Screenshot 2026-05-03 060528.png>]
File: images/LOGO_HCMUT.png Graphic file (type png)
<use images/LOGO_HCMUT.png>
Package pdftex.def Info: images/LOGO_HCMUT.png  used on input line 690.
(pdftex.def)             Requested size: 28.45274pt x 28.75089pt.
 [57 <./images/Screenshot 2026-05-03 060522.png>]
<images/Screenshot 2026-05-03 060533.png, id=948, 532.99126pt x 62.48344pt>
File: images/Screenshot 2026-05-03 060533.png Graphic file (type png)
<use images/Screenshot 2026-05-03 060533.png>
Package pdftex.def Info: images/Screenshot 2026-05-03 060533.png  used on input line 696.
(pdftex.def)             Requested size: 409.71692pt x 48.03325pt.
<images/Screenshot 2026-05-03 060537.png, id=949, 386.94562pt x 382.42876pt>
File: images/Screenshot 2026-05-03 060537.png Graphic file (type png)
<use images/Screenshot 2026-05-03 060537.png>
Package pdftex.def Info: images/Screenshot 2026-05-03 060537.png  used on input line 703.
(pdftex.def)             Requested size: 318.66948pt x 314.95325pt.
File: images/LOGO_HCMUT.png Graphic file (type png)
<use images/LOGO_HCMUT.png>
Package pdftex.def Info: images/LOGO_HCMUT.png  used on input line 732.
(pdftex.def)             Requested size: 28.45274pt x 28.75089pt.
 [58 <./images/Screenshot 2026-05-03 060533.png> <./images/Screenshot 2026-05-03 060537.png>] (_minted/949B7BABC3253A6A5D317C98CC79DDE7.highlight.minted) (_minted/8AB4F3DBA41F87D0072EF86251E1EBE4.highlight.minted
File: images/LOGO_HCMUT.png Graphic file (type png)
<use images/LOGO_HCMUT.png>
Package pdftex.def Info: images/LOGO_HCMUT.png  used on input line 1.
(pdftex.def)             Requested size: 28.45274pt x 28.75089pt.
 [59])
<images/Screenshot 2026-05-03 063334.png, id=960, 317.68687pt x 216.81pt>
File: images/Screenshot 2026-05-03 063334.png Graphic file (type png)
<use images/Screenshot 2026-05-03 063334.png>
Package pdftex.def Info: images/Screenshot 2026-05-03 063334.png  used on input line 775.
(pdftex.def)             Requested size: 318.66948pt x 217.50089pt.
 (_minted/5CBAC2147B9EC0CD8DDFFFBDC89852A7.highlight.minted)
<images/Screenshot 2026-05-03 063512.png, id=961, 441.14813pt x 273.27094pt>
File: images/Screenshot 2026-05-03 063512.png Graphic file (type png)
<use images/Screenshot 2026-05-03 063512.png>
Package pdftex.def Info: images/Screenshot 2026-05-03 063512.png  used on input line 794.
(pdftex.def)             Requested size: 318.66948pt x 197.40956pt.


LaTeX Warning: `!h' float specifier changed to `!ht'.

File: images/LOGO_HCMUT.png Graphic file (type png)
<use images/LOGO_HCMUT.png>
Package pdftex.def Info: images/LOGO_HCMUT.png  used on input line 798.
(pdftex.def)             Requested size: 28.45274pt x 28.75089pt.
[60 <./images/Screenshot 2026-05-03 063334.png>] (_minted/3A206CAC54CDA2D8A6E71E13CB663264.highlight.minted)
<images/Screenshot 2026-05-03 063651.png, id=968, 417.81094pt x 487.06969pt>
File: images/Screenshot 2026-05-03 063651.png Graphic file (type png)
<use images/Screenshot 2026-05-03 063651.png>
Package pdftex.def Info: images/Screenshot 2026-05-03 063651.png  used on input line 811.
(pdftex.def)             Requested size: 341.43307pt x 398.0545pt.


LaTeX Warning: `!h' float specifier changed to `!ht'.

File: images/LOGO_HCMUT.png Graphic file (type png)
<use images/LOGO_HCMUT.png>
Package pdftex.def Info: images/LOGO_HCMUT.png  used on input line 830.
(pdftex.def)             Requested size: 28.45274pt x 28.75089pt.
[61 <./images/Screenshot 2026-05-03 063512.png>]
File: images/LOGO_HCMUT.png Graphic file (type png)
<use images/LOGO_HCMUT.png>
Package pdftex.def Info: images/LOGO_HCMUT.png  used on input line 849.
(pdftex.def)             Requested size: 28.45274pt x 28.75089pt.
 [62 <./images/Screenshot 2026-05-03 063651.png>]
<images/Screenshot 2025-08-06 012450.png, id=979, 1361.085pt x 657.95813pt>
File: images/Screenshot 2025-08-06 012450.png Graphic file (type png)
<use images/Screenshot 2025-08-06 012450.png>
Package pdftex.def Info: images/Screenshot 2025-08-06 012450.png  used on input line 878.
(pdftex.def)             Requested size: 455.24411pt x 220.06847pt.

Overfull \hbox (6.79999pt too wide) in paragraph at lines 878--879
 [][] 
 []

File: images/LOGO_HCMUT.png Graphic file (type png)
<use images/LOGO_HCMUT.png>
Package pdftex.def Info: images/LOGO_HCMUT.png  used on input line 880.
(pdftex.def)             Requested size: 28.45274pt x 28.75089pt.
[63 <./images/Screenshot 2025-08-06 012450.png>] (_minted/8F39B88549BC5A64F0B8076069E92DDD.highlight.minted
File: images/LOGO_HCMUT.png Graphic file (type png)
<use images/LOGO_HCMUT.png>
Package pdftex.def Info: images/LOGO_HCMUT.png  used on input line 2.
(pdftex.def)             Requested size: 28.45274pt x 28.75089pt.
 [64])
<images/Screenshot 2026-05-03 064033.png, id=989, 433.62pt x 219.82124pt>
File: images/Screenshot 2026-05-03 064033.png Graphic file (type png)
<use images/Screenshot 2026-05-03 064033.png>
Package pdftex.def Info: images/Screenshot 2026-05-03 064033.png  used on input line 914.
(pdftex.def)             Requested size: 364.19667pt x 184.63515pt.
)
File: images/LOGO_HCMUT.png Graphic file (type png)
<use images/LOGO_HCMUT.png>
Package pdftex.def Info: images/LOGO_HCMUT.png  used on input line 223.
(pdftex.def)             Requested size: 28.45274pt x 28.75089pt.
 [65 <./images/Screenshot 2026-05-03 064033.png>]
File: images/LOGO_HCMUT.png Graphic file (type png)
<use images/LOGO_HCMUT.png>
Package pdftex.def Info: images/LOGO_HCMUT.png  used on input line 223.
(pdftex.def)             Requested size: 28.45274pt x 28.75089pt.
 [66]
Ch\uhorn \ohorn ng 6.
(sections/6.tex

Package hyperref Warning: Token not allowed in a PDF string (Unicode):
(hyperref)                removing `math shift' on input line 1.


Package hyperref Warning: Token not allowed in a PDF string (Unicode):
(hyperref)                removing `superscript' on input line 1.


Package hyperref Warning: Token not allowed in a PDF string (Unicode):
(hyperref)                removing `math shift' on input line 1.

(_minted/A7CFBEB02B730897290768EEED2BD249.highlight.minted)
<images/Screenshot 2026-05-03 074718.png, id=1002, 229.60782pt x 62.48344pt>
File: images/Screenshot 2026-05-03 074718.png Graphic file (type png)
<use images/Screenshot 2026-05-03 074718.png>
Package pdftex.def Info: images/Screenshot 2026-05-03 074718.png  used on input line 24.
(pdftex.def)             Requested size: 455.24411pt x 123.89299pt.

Overfull \hbox (6.79999pt too wide) in paragraph at lines 24--25
 [][] 
 []

[67

 <./images/Screenshot 2026-05-03 074718.png>] (_minted/93EFBF485A9441037BE07F77A693A1F2.highlight.minted)
<images/density_plot.png, id=1010, 492.6405pt x 504.08325pt>
File: images/density_plot.png Graphic file (type png)
<use images/density_plot.png>
Package pdftex.def Info: images/density_plot.png  used on input line 66.
(pdftex.def)             Requested size: 455.24411pt x 465.83128pt.

Overfull \hbox (6.79999pt too wide) in paragraph at lines 66--67
 [][] 
 []


LaTeX Warning: `!h' float specifier changed to `!ht'.

File: images/LOGO_HCMUT.png Graphic file (type png)
<use images/LOGO_HCMUT.png>
Package pdftex.def Info: images/LOGO_HCMUT.png  used on input line 70.
(pdftex.def)             Requested size: 28.45274pt x 28.75089pt.
[68] (_minted/CB0C7BD8EDCAD5F9DD0A03A446F64EE8.highlight.minted
File: images/LOGO_HCMUT.png Graphic file (type png)
<use images/LOGO_HCMUT.png>
Package pdftex.def Info: images/LOGO_HCMUT.png  used on input line 7.
(pdftex.def)             Requested size: 28.45274pt x 28.75089pt.
 [69 <./images/density_plot.png>])
<images/scatter_plot.png, id=1020, 492.6405pt x 501.072pt>
File: images/scatter_plot.png Graphic file (type png)
<use images/scatter_plot.png>
Package pdftex.def Info: images/scatter_plot.png  used on input line 85.
(pdftex.def)             Requested size: 455.24411pt x 463.04854pt.

Overfull \hbox (6.79999pt too wide) in paragraph at lines 85--86
 [][] 
 []

File: images/LOGO_HCMUT.png Graphic file (type png)
<use images/LOGO_HCMUT.png>
Package pdftex.def Info: images/LOGO_HCMUT.png  used on input line 96.
(pdftex.def)             Requested size: 28.45274pt x 28.75089pt.
[70 <./images/scatter_plot.png>] (_minted/84770DF8F095B704DBA9351210AEE521.highlight.minted)
File: images/LOGO_HCMUT.png Graphic file (type png)
<use images/LOGO_HCMUT.png>
Package pdftex.def Info: images/LOGO_HCMUT.png  used on input line 106.
(pdftex.def)             Requested size: 28.45274pt x 28.75089pt.
 [71])
File: images/LOGO_HCMUT.png Graphic file (type png)
<use images/LOGO_HCMUT.png>
Package pdftex.def Info: images/LOGO_HCMUT.png  used on input line 226.
(pdftex.def)             Requested size: 28.45274pt x 28.75089pt.
 [72]
Ch\uhorn \ohorn ng 7.
(sections/7.tex [73

]) (sections/8.tex
File: images/LOGO_HCMUT.png Graphic file (type png)
<use images/LOGO_HCMUT.png>
Package pdftex.def Info: images/LOGO_HCMUT.png  used on input line 1.
(pdftex.def)             Requested size: 28.45274pt x 28.75089pt.
 [74])
File: images/LOGO_HCMUT.png Graphic file (type png)
<use images/LOGO_HCMUT.png>
Package pdftex.def Info: images/LOGO_HCMUT.png  used on input line 232.
(pdftex.def)             Requested size: 28.45274pt x 28.75089pt.
 [75

] (BTL.aux)
 ***********
LaTeX2e <2025-11-01>
L3 programming layer <2026-03-20>
 ***********


LaTeX Warning: There were multiply-defined labels.

Package rerunfilecheck Info: File `BTL.out' has not changed.
(rerunfilecheck)             Checksum: A043C12552C608C31D6CF4C76AE3D285;22376.
 ) 
Here is how much of TeX's memory you used:
 22922 strings out of 467691
 432579 string characters out of 5415471
 1201087 words of memory out of 5000000
 51219 multiletter control sequences out of 15000+600000
 661402 words of font info for 113 fonts, out of 8000000 for 9000
 1141 hyphenation exceptions out of 8191
 86i,22n,93p,1202b,2126s stack positions out of 10000i,1000n,20000p,200000b,200000s
 <C:\Users\Minh\AppData\Local\MiKTeX\fonts/pk/ljfour/jknappen/ec/dpi600\tctt1200.pk> <C:\Users\Minh\AppData\Local\MiKTeX\fonts/pk/ljfour/jknappen/ec/dpi600\tcit1200.pk> <C:\Users\Minh\AppData\Local\MiKTeX\fonts/pk/ljfour/jknappen/ec/dpi600\tctt1000.pk> <C:\Users\Minh\AppData\Local\MiKTeX\fonts/pk/ljfour/jknappen/ec/dpi600\tcrm1200.pk><C:/Users/Minh/AppData/Local/Programs/MiKTeX/fonts/type1/public/amsfonts/cm/cmbx12.pfb><C:/Users/Minh/AppData/Local/Programs/MiKTeX/fonts/type1/public/amsfonts/cm/cmbx8.pfb><C:/Users/Minh/AppData/Local/Programs/MiKTeX/fonts/type1/public/amsfonts/cm/cmex10.pfb><C:/Users/Minh/AppData/Local/Programs/MiKTeX/fonts/type1/public/amsfonts/cm/cmmi10.pfb><C:/Users/Minh/AppData/Local/Programs/MiKTeX/fonts/type1/public/amsfonts/cm/cmmi12.pfb><C:/Users/Minh/AppData/Local/Programs/MiKTeX/fonts/type1/public/amsfonts/cm/cmmi6.pfb><C:/Users/Minh/AppData/Local/Programs/MiKTeX/fonts/type1/public/amsfonts/cm/cmmi8.pfb><C:/Users/Minh/AppData/Local/Programs/MiKTeX/fonts/type1/public/amsfonts/cm/cmr10.pfb><C:/Users/Minh/AppData/Local/Programs/MiKTeX/fonts/type1/public/amsfonts/cm/cmr12.pfb><C:/Users/Minh/AppData/Local/Programs/MiKTeX/fonts/type1/public/amsfonts/cm/cmr8.pfb><C:/Users/Minh/AppData/Local/Programs/MiKTeX/fonts/type1/public/amsfonts/cm/cmsy10.pfb><C:/Users/Minh/AppData/Local/Programs/MiKTeX/fonts/type1/public/amsfonts/cm/cmsy6.pfb><C:/Users/Minh/AppData/Local/Programs/MiKTeX/fonts/type1/public/amsfonts/cm/cmsy8.pfb><C:/Users/Minh/AppData/Local/Programs/MiKTeX/fonts/type1/vntex/vnr/vnbx10.pfb><C:/Users/Minh/AppData/Local/Programs/MiKTeX/fonts/type1/vntex/vnr/vnbx12.pfb><C:/Users/Minh/AppData/Local/Programs/MiKTeX/fonts/type1/vntex/vnr/vnbx8.pfb><C:/Users/Minh/AppData/Local/Programs/MiKTeX/fonts/type1/vntex/vnr/vnbxti10.pfb><C:/Users/Minh/AppData/Local/Programs/MiKTeX/fonts/type1/vntex/vnr/vnitt10.pfb><C:/Users/Minh/AppData/Local/Programs/MiKTeX/fonts/type1/vntex/vnr/vnr10.pfb><C:/Users/Minh/AppData/Local/Programs/MiKTeX/fonts/type1/vntex/vnr/vnr12.pfb><C:/Users/Minh/AppData/Local/Programs/MiKTeX/fonts/type1/vntex/vnr/vnr6.pfb><C:/Users/Minh/AppData/Local/Programs/MiKTeX/fonts/type1/vntex/vnr/vnr8.pfb><C:/Users/Minh/AppData/Local/Programs/MiKTeX/fonts/type1/vntex/vnr/vnti12.pfb><C:/Users/Minh/AppData/Local/Programs/MiKTeX/fonts/type1/vntex/vnr/vntt10.pfb><C:/Users/Minh/AppData/Local/Programs/MiKTeX/fonts/type1/vntex/vnr/vntt12.pfb><C:/Users/Minh/AppData/Local/Programs/MiKTeX/fonts/type1/vntex/vnr/vntt8.pfb>
Output written on BTL.pdf (76 pages, 1943077 bytes).
PDF statistics:
 1248 PDF objects out of 1440 (max. 8388607)
 299 named destinations out of 1000 (max. 500000)
 1005 words of extra memory for PDF output out of 10000 (max. 10000000)

